#
# A fatal error has been detected by the Java Runtime Environment:
#
#  SIGSEGV (0xb) at pc=0x00007f7d8f840f79, pid=7851, tid=140177221379840
#
# JRE version: Java(TM) SE Runtime Environment (7.0_60-b19) (build 1.7.0_60-b19)
# Java VM: Java HotSpot(TM) 64-Bit Server VM (24.60-b09 mixed mode linux-amd64 compressed oops)
# Problematic frame:
# V  [libjvm.so+0x885f79]  oopDesc* PSPromotionManager::copy_to_survivor_space<false>(oopDesc*)+0x469
#
# Failed to write core dump. Core dumps have been disabled. To enable core dumping, try "ulimit -c unlimited" before starting Java again
#
# If you would like to submit a bug report, please visit:
#   http://bugreport.sun.com/bugreport/crash.jsp
#

---------------  T H R E A D  ---------------

Current thread (0x00007f7d8801f800):  GCTaskThread [stack: 0x00007f7d8d6c6000,0x00007f7d8d7c7000] [id=7854]

siginfo:si_signo=SIGSEGV: si_errno=0, si_code=1 (SEGV_MAPERR), si_addr=0x000000c1951df991

Registers:
RAX=0x000000c1951df8c1, RBX=0x00000000c1b1dd10, RCX=0x0000000000000000, RDX=0x00000000c1b1dd10
RSP=0x00007f7d8d7c5970, RBP=0x00007f7d8d7c59e0, RSI=0x00007f7d88067280, RDI=0x00000000c1951dbb
R8 =0x0000000000000020, R9 =0x00007f7d8fdf6cd8, R10=0x00000000c19b1588, R11=0x00007f7d8d7c5920
R12=0x00000000f9937160, R13=0x00000000f98510c0, R14=0x0000000000000001, R15=0x0000000000000004
RIP=0x00007f7d8f840f79, EFLAGS=0x0000000000010293, CSGSFS=0x0000000000000033, ERR=0x0000000000000004
  TRAPNO=0x000000000000000e

Top of Stack: (sp=0x00007f7d8d7c5970)
0x00007f7d8d7c5970:   00007f7d8d7c59f0 00007f7d8fdf6cd8
0x00007f7d8d7c5980:   0000000000000020 00007f7d88067280
0x00007f7d8d7c5990:   00000000c1b1c720 0000000000000400
0x00007f7d8d7c59a0:   00000000f95a0040 0000000000001000
0x00007f7d8d7c59b0:   00007f7d880672b0 00000000c1b1daec
0x00007f7d8d7c59c0:   00007f7d88067280 00007f7d8fddb500
0x00007f7d8d7c59d0:   0000000000000000 00007f7d880672f0
0x00007f7d8d7c59e0:   00007f7d8d7c5ad0 00007f7d8f840460
0x00007f7d8d7c59f0:   00000000b0015f28 00007f7d8d7c5a60
0x00007f7d8d7c5a00:   00007f7d8d7c5a70 00007f7d8d7c5a30
0x00007f7d8d7c5a10:   00007f7d8d7c5a40 00007f7d8d7c5a90
0x00007f7d8d7c5a20:   00000000c19377ed 00007f7d88067320
0x00007f7d8d7c5a30:   00000000c0fcda28 00007f7d8fddb500
0x00007f7d8d7c5a40:   00007f7d8fe04b08 00000000c114061c
0x00007f7d8d7c5a50:   00007f7d8d7c5ad0 00007f7d8f7b6a2f
0x00007f7d8d7c5a60:   00000000c1143775 00007f7d8f5a193e
0x00007f7d8d7c5a70:   00000000b130d6e8 00000000c1143774
0x00007f7d8d7c5a80:   00007f7d8d7c5ad0 00007f7d8f56d568
0x00007f7d8d7c5a90:   00000000c1b1daed 00007f7d880672e8
0x00007f7d8d7c5aa0:   0000000000000000 00000000c1143808
0x00007f7d8d7c5ab0:   00000000c1143800 00007f7d8da25a1c
0x00007f7d8d7c5ac0:   00007f7d8801ae00 00007f7d8da25a81
0x00007f7d8d7c5ad0:   00007f7d8d7c5b90 00007f7d8f377956
0x00007f7d8d7c5ae0:   00007f7d8801f410 00007f7d8da25a80
0x00007f7d8d7c5af0:   00007f7d8da25a01 00007f7d8fdf6cd8
0x00007f7d8d7c5b00:   00007f7d88067280 00000000c193f6f0
0x00007f7d8d7c5b10:   00007f7d8801ab90 00007f7d8da299fc
0x00007f7d8d7c5b20:   00000000c1142e08 0000000000000200
0x00007f7d8d7c5b30:   00000000c1150020 00007f7d8da25a19
0x00007f7d8d7c5b40:   0000000000000240 00007f7d8da25c00
0x00007f7d8d7c5b50:   00007f7d8da25c00 00007f7d8da25a1c
0x00007f7d8d7c5b60:   00007f7d8da25a19 00007f7d88027800 

Instructions: (pc=0x00007f7d8f840f79)
0x00007f7d8f840f59:   08 48 8d 7a 10 81 7f 08 ff ff ff bf 0f 1f 00 0f
0x00007f7d8f840f69:   87 d8 fc ff ff 48 8b 42 10 48 8b 75 a8 48 89 da
0x00007f7d8f840f79:   ff 90 d0 00 00 00 e9 c2 fc ff ff 0f 1f 40 00 48
0x00007f7d8f840f89:   8b 05 09 d8 57 00 8b 53 08 8b 48 08 48 d3 e2 48 

Register to memory mapping:

RAX=0x000000c1951df8c1 is an unknown value
RBX=0x00000000c1b1dd10 is an oop

[error occurred during error reporting (printing register info), id 0xb]

Stack: [0x00007f7d8d6c6000,0x00007f7d8d7c7000],  sp=0x00007f7d8d7c5970,  free space=1022k
Native frames: (J=compiled Java code, j=interpreted, Vv=VM code, C=native code)
V  [libjvm.so+0x885f79]  oopDesc* PSPromotionManager::copy_to_survivor_space<false>(oopDesc*)+0x469
V  [libjvm.so+0x885460]  PSPromotionManager::drain_stacks_depth(bool)+0x7c0
V  [libjvm.so+0x3bc956]  CardTableExtension::scavenge_contents_parallel(ObjectStartArray*, MutableSpace*, HeapWord*, PSPromotionManager*, unsigned int, unsigned int)+0xb56
V  [libjvm.so+0x888e2b]  OldToYoungRootsTask::do_it(GCTaskManager*, unsigned int)+0x4b
V  [libjvm.so+0x556ddf]  GCTaskThread::run()+0x12f
V  [libjvm.so+0x81f7f8]  java_start(Thread*)+0x108


---------------  P R O C E S S  ---------------

Java Threads: ( => current thread )
  0x00007f7d40b02800 JavaThread "pool-1-thread-1" [_thread_blocked, id=7877, stack(0x00007f7d7c376000,0x00007f7d7c477000)]
  0x00007f7d403ac800 JavaThread "File lock request listener" [_thread_in_native, id=7874, stack(0x00007f7d7c549000,0x00007f7d7c64a000)]
  0x00007f7d401e1800 JavaThread "process reaper" daemon [_thread_blocked, id=7873, stack(0x00007f7d7c64a000,0x00007f7d7c683000)]
  0x00007f7d40014800 JavaThread "Stdin handler" [_thread_blocked, id=7871, stack(0x00007f7d7c804000,0x00007f7d7c905000)]
  0x00007f7d40001800 JavaThread "Handler for socket connection at /127.0.0.1:42200 with /127.0.0.1:35560" [_thread_in_native, id=7868, stack(0x00007f7d7c905000,0x00007f7d7ca06000)]
  0x00007f7d4c027000 JavaThread "Daemon" [_thread_blocked, id=7867, stack(0x00007f7d7ca06000,0x00007f7d7cb07000)]
  0x00007f7d8865d000 JavaThread "Incoming local TCP Connector on port 42200" [_thread_in_native, id=7866, stack(0x00007f7d7cb07000,0x00007f7d7cc08000)]
  0x00007f7d880a6800 JavaThread "Service Thread" daemon [_thread_blocked, id=7864, stack(0x00007f7d8440a000,0x00007f7d8450b000)]
  0x00007f7d880a4000 JavaThread "C2 CompilerThread1" daemon [_thread_in_native, id=7863, stack(0x00007f7d8450b000,0x00007f7d8460c000)]
  0x00007f7d880a1800 JavaThread "C2 CompilerThread0" daemon [_thread_in_native, id=7862, stack(0x00007f7d8460c000,0x00007f7d8470d000)]
  0x00007f7d8809f800 JavaThread "Signal Dispatcher" daemon [_thread_blocked, id=7861, stack(0x00007f7d8470d000,0x00007f7d8480e000)]
  0x00007f7d88070000 JavaThread "Finalizer" daemon [_thread_blocked, id=7860, stack(0x00007f7d84afb000,0x00007f7d84bfc000)]
  0x00007f7d8806e000 JavaThread "Reference Handler" daemon [_thread_blocked, id=7859, stack(0x00007f7d84bfc000,0x00007f7d84cfd000)]
  0x00007f7d8800a000 JavaThread "main" [_thread_blocked, id=7853, stack(0x00007f7d9092f000,0x00007f7d90a30000)]

Other Threads:
  0x00007f7d88069800 VMThread [stack: 0x00007f7d84cfd000,0x00007f7d84dfe000] [id=7858]
  0x00007f7d880b9800 WatcherThread [stack: 0x00007f7d84309000,0x00007f7d8440a000] [id=7865]

=>0x00007f7d8801f800 (exited) GCTaskThread [stack: 0x00007f7d8d6c6000,0x00007f7d8d7c7000] [id=7854]

VM state:at safepoint (normal execution)

VM Mutex/Monitor currently owned by a thread:  ([mutex/lock_event])
[0x00007f7d88006300] Threads_lock - owner thread: 0x00007f7d88069800
[0x00007f7d88006800] Heap_lock - owner thread: 0x00007f7d4c027000

Heap
 PSYoungGen      total 237568K, used 237556K [0x00000000eaa80000, 0x00000000faf80000, 0x0000000100000000)
  eden space 223232K, 100% used [0x00000000eaa80000,0x00000000f8480000,0x00000000f8480000)
  from space 14336K, 99% used [0x00000000f9780000,0x00000000fa57d010,0x00000000fa580000)
  to   space 19456K, 99% used [0x00000000f8480000,0x00000000f977d050,0x00000000f9780000)
 ParOldGen       total 36352K, used 27961K [0x00000000c0000000, 0x00000000c2380000, 0x00000000eaa80000)
  object space 36352K, 76% used [0x00000000c0000000,0x00000000c1b4e720,0x00000000c2380000)
 PSPermGen       total 34304K, used 33856K [0x00000000b0000000, 0x00000000b2180000, 0x00000000c0000000)
  object space 34304K, 98% used [0x00000000b0000000,0x00000000b21103a0,0x00000000b2180000)

Card table byte_map: [0x00007f7d8d99d000,0x00007f7d8dc1e000] byte_map_base: 0x00007f7d8d41d000

Polling page: 0x00007f7d90a4f000

Code Cache  [0x00007f7d85000000, 0x00007f7d85300000, 0x00007f7d88000000)
 total_blobs=1036 nmethods=439 adapters=551 free_code_cache=46192Kb largest_free_block=47245696

Compilation events (10 events):
Event: 19.480 Thread 0x00007f7d880a4000 nmethod 464 0x00007f7d850bc710 code [0x00007f7d850bc8c0, 0x00007f7d850bd2e8]
Event: 19.480 Thread 0x00007f7d880a4000  465             java.lang.Class::privateGetPublicMethods (263 bytes)
Event: 20.961 Thread 0x00007f7d880a4000 nmethod 465 0x00007f7d852e5450 code [0x00007f7d852e5b20, 0x00007f7d852eb518]
Event: 20.962 Thread 0x00007f7d880a4000  466             java.util.zip.ZipCoder::getBytes (192 bytes)
Event: 20.977 Thread 0x00007f7d880a4000 nmethod 466 0x00007f7d852e4350 code [0x00007f7d852e4560, 0x00007f7d852e4c60]
Event: 20.977 Thread 0x00007f7d880a4000  467             java.lang.Class::getName (21 bytes)
Event: 20.979 Thread 0x00007f7d880a4000 nmethod 467 0x00007f7d852cf690 code [0x00007f7d852cf7e0, 0x00007f7d852cf888]
Event: 20.979 Thread 0x00007f7d880a4000  468  s!         java.beans.PropertyDescriptor::getReadMethod (169 bytes)
Event: 20.985 Thread 0x00007f7d880a4000 nmethod 468 0x00007f7d852cb010 code [0x00007f7d852cb180, 0x00007f7d852cb5d8]
Event: 20.985 Thread 0x00007f7d880a4000  469             java.beans.Introspector::processPropertyDescriptors (699 bytes)

GC Heap History (10 events):
Event: 3.411 GC heap after
Heap after GC invocations=4 (full 0):
 PSYoungGen      total 59392K, used 2032K [0x00000000eaa80000, 0x00000000ee680000, 0x0000000100000000)
  eden space 57344K, 0% used [0x00000000eaa80000,0x00000000eaa80000,0x00000000ee280000)
  from space 2048K, 99% used [0x00000000ee480000,0x00000000ee67c010,0x00000000ee680000)
  to   space 2048K, 0% used [0x00000000ee280000,0x00000000ee280000,0x00000000ee480000)
 ParOldGen       total 36352K, used 9294K [0x00000000c0000000, 0x00000000c2380000, 0x00000000eaa80000)
  object space 36352K, 25% used [0x00000000c0000000,0x00000000c0913af8,0x00000000c2380000)
 PSPermGen       total 21504K, used 14718K [0x00000000b0000000, 0x00000000b1500000, 0x00000000c0000000)
  object space 21504K, 68% used [0x00000000b0000000,0x00000000b0e5fb18,0x00000000b1500000)
}
Event: 5.238 GC heap before
{Heap before GC invocations=5 (full 0):
 PSYoungGen      total 59392K, used 59376K [0x00000000eaa80000, 0x00000000ee680000, 0x0000000100000000)
  eden space 57344K, 100% used [0x00000000eaa80000,0x00000000ee280000,0x00000000ee280000)
  from space 2048K, 99% used [0x00000000ee480000,0x00000000ee67c010,0x00000000ee680000)
  to   space 2048K, 0% used [0x00000000ee280000,0x00000000ee280000,0x00000000ee480000)
 ParOldGen       total 36352K, used 9294K [0x00000000c0000000, 0x00000000c2380000, 0x00000000eaa80000)
  object space 36352K, 25% used [0x00000000c0000000,0x00000000c0913af8,0x00000000c2380000)
 PSPermGen       total 21504K, used 19265K [0x00000000b0000000, 0x00000000b1500000, 0x00000000c0000000)
  object space 21504K, 89% used [0x00000000b0000000,0x00000000b12d0608,0x00000000b1500000)
Event: 5.266 GC heap after
Heap after GC invocations=5 (full 0):
 PSYoungGen      total 59392K, used 2048K [0x00000000eaa80000, 0x00000000f2e80000, 0x0000000100000000)
  eden space 57344K, 0% used [0x00000000eaa80000,0x00000000eaa80000,0x00000000ee280000)
  from space 2048K, 100% used [0x00000000ee280000,0x00000000ee480000,0x00000000ee480000)
  to   space 10240K, 0% used [0x00000000f2480000,0x00000000f2480000,0x00000000f2e80000)
 ParOldGen       total 36352K, used 16188K [0x00000000c0000000, 0x00000000c2380000, 0x00000000eaa80000)
  object space 36352K, 44% used [0x00000000c0000000,0x00000000c0fcf110,0x00000000c2380000)
 PSPermGen       total 21504K, used 19265K [0x00000000b0000000, 0x00000000b1500000, 0x00000000c0000000)
  object space 21504K, 89% used [0x00000000b0000000,0x00000000b12d0608,0x00000000b1500000)
}
Event: 7.021 GC heap before
{Heap before GC invocations=6 (full 0):
 PSYoungGen      total 59392K, used 59392K [0x00000000eaa80000, 0x00000000f2e80000, 0x0000000100000000)
  eden space 57344K, 100% used [0x00000000eaa80000,0x00000000ee280000,0x00000000ee280000)
  from space 2048K, 100% used [0x00000000ee280000,0x00000000ee480000,0x00000000ee480000)
  to   space 10240K, 0% used [0x00000000f2480000,0x00000000f2480000,0x00000000f2e80000)
 ParOldGen       total 36352K, used 16188K [0x00000000c0000000, 0x00000000c2380000, 0x00000000eaa80000)
  object space 36352K, 44% used [0x00000000c0000000,0x00000000c0fcf110,0x00000000c2380000)
 PSPermGen       total 23552K, used 23316K [0x00000000b0000000, 0x00000000b1700000, 0x00000000c0000000)
  object space 23552K, 99% used [0x00000000b0000000,0x00000000b16c5208,0x00000000b1700000)
Event: 7.049 GC heap after
Heap after GC invocations=6 (full 0):
 PSYoungGen      total 124416K, used 7424K [0x00000000eaa80000, 0x00000000f2f80000, 0x0000000100000000)
  eden space 114176K, 0% used [0x00000000eaa80000,0x00000000eaa80000,0x00000000f1a00000)
  from space 10240K, 72% used [0x00000000f2480000,0x00000000f2bc03c8,0x00000000f2e80000)
  to   space 10752K, 0% used [0x00000000f1a00000,0x00000000f1a00000,0x00000000f2480000)
 ParOldGen       total 36352K, used 16188K [0x00000000c0000000, 0x00000000c2380000, 0x00000000eaa80000)
  object space 36352K, 44% used [0x00000000c0000000,0x00000000c0fcf110,0x00000000c2380000)
 PSPermGen       total 23552K, used 23316K [0x00000000b0000000, 0x00000000b1700000, 0x00000000c0000000)
  object space 23552K, 99% used [0x00000000b0000000,0x00000000b16c5208,0x00000000b1700000)
}
Event: 9.611 GC heap before
{Heap before GC invocations=7 (full 0):
 PSYoungGen      total 124416K, used 121600K [0x00000000eaa80000, 0x00000000f2f80000, 0x0000000100000000)
  eden space 114176K, 100% used [0x00000000eaa80000,0x00000000f1a00000,0x00000000f1a00000)
  from space 10240K, 72% used [0x00000000f2480000,0x00000000f2bc03c8,0x00000000f2e80000)
  to   space 10752K, 0% used [0x00000000f1a00000,0x00000000f1a00000,0x00000000f2480000)
 ParOldGen       total 36352K, used 16188K [0x00000000c0000000, 0x00000000c2380000, 0x00000000eaa80000)
  object space 36352K, 44% used [0x00000000c0000000,0x00000000c0fcf110,0x00000000c2380000)
 PSPermGen       total 27136K, used 26639K [0x00000000b0000000, 0x00000000b1a80000, 0x00000000c0000000)
  object space 27136K, 98% used [0x00000000b0000000,0x00000000b1a03e18,0x00000000b1a80000)
Event: 9.676 GC heap after
Heap after GC invocations=7 (full 0):
 PSYoungGen      total 124928K, used 10740K [0x00000000eaa80000, 0x00000000fa580000, 0x0000000100000000)
  eden space 114176K, 0% used [0x00000000eaa80000,0x00000000eaa80000,0x00000000f1a00000)
  from space 10752K, 99% used [0x00000000f1a00000,0x00000000f247d040,0x00000000f2480000)
  to   space 14336K, 0% used [0x00000000f9780000,0x00000000f9780000,0x00000000fa580000)
 ParOldGen       total 36352K, used 19789K [0x00000000c0000000, 0x00000000c2380000, 0x00000000eaa80000)
  object space 36352K, 54% used [0x00000000c0000000,0x00000000c1353568,0x00000000c2380000)
 PSPermGen       total 27136K, used 26639K [0x00000000b0000000, 0x00000000b1a80000, 0x00000000c0000000)
  object space 27136K, 98% used [0x00000000b0000000,0x00000000b1a03e18,0x00000000b1a80000)
}
Event: 12.932 GC heap before
{Heap before GC invocations=8 (full 0):
 PSYoungGen      total 124928K, used 124916K [0x00000000eaa80000, 0x00000000fa580000, 0x0000000100000000)
  eden space 114176K, 100% used [0x00000000eaa80000,0x00000000f1a00000,0x00000000f1a00000)
  from space 10752K, 99% used [0x00000000f1a00000,0x00000000f247d040,0x00000000f2480000)
  to   space 14336K, 0% used [0x00000000f9780000,0x00000000f9780000,0x00000000fa580000)
 ParOldGen       total 36352K, used 19789K [0x00000000c0000000, 0x00000000c2380000, 0x00000000eaa80000)
  object space 36352K, 54% used [0x00000000c0000000,0x00000000c1353568,0x00000000c2380000)
 PSPermGen       total 30208K, used 29890K [0x00000000b0000000, 0x00000000b1d80000, 0x00000000c0000000)
  object space 30208K, 98% used [0x00000000b0000000,0x00000000b1d30930,0x00000000b1d80000)
Event: 13.012 GC heap after
Heap after GC invocations=8 (full 0):
 PSYoungGen      total 237568K, used 14324K [0x00000000eaa80000, 0x00000000faf80000, 0x0000000100000000)
  eden space 223232K, 0% used [0x00000000eaa80000,0x00000000eaa80000,0x00000000f8480000)
  from space 14336K, 99% used [0x00000000f9780000,0x00000000fa57d010,0x00000000fa580000)
  to   space 19456K, 0% used [0x00000000f8480000,0x00000000f8480000,0x00000000f9780000)
 ParOldGen       total 36352K, used 25853K [0x00000000c0000000, 0x00000000c2380000, 0x00000000eaa80000)
  object space 36352K, 71% used [0x00000000c0000000,0x00000000c193f6f0,0x00000000c2380000)
 PSPermGen       total 30208K, used 29890K [0x00000000b0000000, 0x00000000b1d80000, 0x00000000c0000000)
  object space 30208K, 98% used [0x00000000b0000000,0x00000000b1d30930,0x00000000b1d80000)
}
Event: 24.486 GC heap before
{Heap before GC invocations=9 (full 0):
 PSYoungGen      total 237568K, used 237556K [0x00000000eaa80000, 0x00000000faf80000, 0x0000000100000000)
  eden space 223232K, 100% used [0x00000000eaa80000,0x00000000f8480000,0x00000000f8480000)
  from space 14336K, 99% used [0x00000000f9780000,0x00000000fa57d010,0x00000000fa580000)
  to   space 19456K, 0% used [0x00000000f8480000,0x00000000f8480000,0x00000000f9780000)
 ParOldGen       total 36352K, used 25853K [0x00000000c0000000, 0x00000000c2380000, 0x00000000eaa80000)
  object space 36352K, 71% used [0x00000000c0000000,0x00000000c193f6f0,0x00000000c2380000)
 PSPermGen       total 34304K, used 33856K [0x00000000b0000000, 0x00000000b2180000, 0x00000000c0000000)
  object space 34304K, 98% used [0x00000000b0000000,0x00000000b21103a0,0x00000000b2180000)

Deoptimization events (10 events):
Event: 10.644 Thread 0x00007f7d4c027000 Uncommon trap: reason=null_check action=make_not_entrant pc=0x00007f7d8526038c method=com.sun.beans.WeakCache.get(Ljava/lang/Object;)Ljava/lang/Object; @ 10
Event: 10.699 Thread 0x00007f7d4c027000 Uncommon trap: reason=array_check action=maybe_recompile pc=0x00007f7d85231e90 method=java.util.ComparableTimSort.binarySort([Ljava/lang/Object;III)V @ 193
Event: 14.947 Thread 0x00007f7d4c027000 Uncommon trap: reason=bimorphic action=maybe_recompile pc=0x00007f7d85229438 method=java.util.regex.Pattern$Branch.match(Ljava/util/regex/Matcher;ILjava/lang/CharSequence;)Z @ 32
Event: 14.947 Thread 0x00007f7d4c027000 Uncommon trap: reason=bimorphic action=maybe_recompile pc=0x00007f7d85229438 method=java.util.regex.Pattern$Branch.match(Ljava/util/regex/Matcher;ILjava/lang/CharSequence;)Z @ 32
Event: 15.627 Thread 0x00007f7d4c027000 Uncommon trap: reason=null_check action=make_not_entrant pc=0x00007f7d8529a3cc method=java.beans.PropertyDescriptor.setReadMethod(Ljava/lang/reflect/Method;)V @ 60
Event: 17.202 Thread 0x00007f7d4c027000 Uncommon trap: reason=unreached action=reinterpret pc=0x00007f7d850778f4 method=java.lang.AbstractStringBuilder.append(Ljava/lang/String;)Ljava/lang/AbstractStringBuilder; @ 1
Event: 20.268 Thread 0x00007f7d4c027000 Uncommon trap: reason=array_check action=maybe_recompile pc=0x00007f7d850bcf80 method=java.util.ComparableTimSort.binarySort([Ljava/lang/Object;III)V @ 215
Event: 20.269 Thread 0x00007f7d4c027000 Uncommon trap: reason=array_check action=maybe_recompile pc=0x00007f7d850bcf80 method=java.util.ComparableTimSort.binarySort([Ljava/lang/Object;III)V @ 215
Event: 20.333 Thread 0x00007f7d4c027000 Uncommon trap: reason=null_check action=make_not_entrant pc=0x00007f7d852b8360 method=com.sun.beans.WeakCache.get(Ljava/lang/Object;)Ljava/lang/Object; @ 10
Event: 22.746 Thread 0x00007f7d40b02800 Uncommon trap: reason=unreached action=reinterpret pc=0x00007f7d8509c4ac method=java.lang.ThreadLocal.get()Ljava/lang/Object; @ 11

Internal exceptions (10 events):
Event: 23.534 Thread 0x00007f7d4c027000 Threw 0x00000000f7ca1398 at /HUDSON/workspace/7u-2-build-linux-amd64/jdk7u60/1081/hotspot/src/share/vm/prims/jvm.cpp:1244
Event: 23.534 Thread 0x00007f7d4c027000 Threw 0x00000000f7ca2228 at /HUDSON/workspace/7u-2-build-linux-amd64/jdk7u60/1081/hotspot/src/share/vm/prims/jvm.cpp:1244
Event: 23.534 Thread 0x00007f7d4c027000 Threw 0x00000000f7ca8bf8 at /HUDSON/workspace/7u-2-build-linux-amd64/jdk7u60/1081/hotspot/src/share/vm/prims/jvm.cpp:1244
Event: 23.534 Thread 0x00007f7d4c027000 Threw 0x00000000f7cad508 at /HUDSON/workspace/7u-2-build-linux-amd64/jdk7u60/1081/hotspot/src/share/vm/prims/jvm.cpp:1244
Event: 23.534 Thread 0x00007f7d4c027000 Threw 0x00000000f7cb4f38 at /HUDSON/workspace/7u-2-build-linux-amd64/jdk7u60/1081/hotspot/src/share/vm/prims/jvm.cpp:1244
Event: 23.535 Thread 0x00007f7d4c027000 Threw 0x00000000f7cbc578 at /HUDSON/workspace/7u-2-build-linux-amd64/jdk7u60/1081/hotspot/src/share/vm/prims/jvm.cpp:1244
Event: 23.535 Thread 0x00007f7d4c027000 Threw 0x00000000f7cbd330 at /HUDSON/workspace/7u-2-build-linux-amd64/jdk7u60/1081/hotspot/src/share/vm/prims/jvm.cpp:1244
Event: 23.536 Thread 0x00007f7d4c027000 Threw 0x00000000f7cc1aa8 at /HUDSON/workspace/7u-2-build-linux-amd64/jdk7u60/1081/hotspot/src/share/vm/prims/jvm.cpp:1244
Event: 23.536 Thread 0x00007f7d4c027000 Threw 0x00000000f7cc2808 at /HUDSON/workspace/7u-2-build-linux-amd64/jdk7u60/1081/hotspot/src/share/vm/prims/jvm.cpp:1244
Event: 23.538 Thread 0x00007f7d4c027000 Threw 0x00000000f7cc9110 at /HUDSON/workspace/7u-2-build-linux-amd64/jdk7u60/1081/hotspot/src/share/vm/prims/jvm.cpp:1244

Events (10 events):
Event: 23.530 loading class 0x00007f7d4073f800 done
Event: 23.530 loading class 0x00007f7d4073f800
Event: 23.530 loading class 0x00007f7d4073f800 done
Event: 23.533 loading class 0x00007f7d40740e50
Event: 23.533 loading class 0x00007f7d40740e50 done
Event: 23.534 loading class 0x00007f7d40740e50
Event: 23.534 loading class 0x00007f7d40740e50 done
Event: 23.536 loading class 0x00007f7d40740ef0
Event: 23.536 loading class 0x00007f7d40740ef0 done
Event: 24.486 Executing VM operation: ParallelGCFailedAllocation


Dynamic libraries:
00400000-00401000 r-xp 00000000 08:08 701121                             /usr/lib/jvm/jdk1.7.0_60/bin/java
00600000-00601000 rw-p 00000000 08:08 701121                             /usr/lib/jvm/jdk1.7.0_60/bin/java
01edf000-01f00000 rw-p 00000000 00:00 0                                  [heap]
b0000000-b2180000 rw-p 00000000 00:00 0 
b2180000-c0000000 rw-p 00000000 00:00 0 
c0000000-c2380000 rw-p 00000000 00:00 0 
c2380000-eaa80000 rw-p 00000000 00:00 0 
eaa80000-faf80000 rw-p 00000000 00:00 0 
faf80000-100000000 rw-p 00000000 00:00 0 
7f7d30000000-7f7d30021000 rw-p 00000000 00:00 0 
7f7d30021000-7f7d34000000 ---p 00000000 00:00 0 
7f7d34000000-7f7d34021000 rw-p 00000000 00:00 0 
7f7d34021000-7f7d38000000 ---p 00000000 00:00 0 
7f7d38000000-7f7d38021000 rw-p 00000000 00:00 0 
7f7d38021000-7f7d3c000000 ---p 00000000 00:00 0 
7f7d3c000000-7f7d3c021000 rw-p 00000000 00:00 0 
7f7d3c021000-7f7d40000000 ---p 00000000 00:00 0 
7f7d40000000-7f7d40ef7000 rw-p 00000000 00:00 0 
7f7d40ef7000-7f7d44000000 ---p 00000000 00:00 0 
7f7d44000000-7f7d44021000 rw-p 00000000 00:00 0 
7f7d44021000-7f7d48000000 ---p 00000000 00:00 0 
7f7d48000000-7f7d48021000 rw-p 00000000 00:00 0 
7f7d48021000-7f7d4c000000 ---p 00000000 00:00 0 
7f7d4c000000-7f7d4c02b000 rw-p 00000000 00:00 0 
7f7d4c02b000-7f7d50000000 ---p 00000000 00:00 0 
7f7d50000000-7f7d50f67000 rw-p 00000000 00:00 0 
7f7d50f67000-7f7d54000000 ---p 00000000 00:00 0 
7f7d54000000-7f7d54021000 rw-p 00000000 00:00 0 
7f7d54021000-7f7d58000000 ---p 00000000 00:00 0 
7f7d58000000-7f7d58021000 rw-p 00000000 00:00 0 
7f7d58021000-7f7d5c000000 ---p 00000000 00:00 0 
7f7d5c000000-7f7d5d85b000 rw-p 00000000 00:00 0 
7f7d5d85b000-7f7d60000000 ---p 00000000 00:00 0 
7f7d60000000-7f7d60021000 rw-p 00000000 00:00 0 
7f7d60021000-7f7d64000000 ---p 00000000 00:00 0 
7f7d64000000-7f7d64021000 rw-p 00000000 00:00 0 
7f7d64021000-7f7d68000000 ---p 00000000 00:00 0 
7f7d68000000-7f7d6826a000 rw-p 00000000 00:00 0 
7f7d6826a000-7f7d6c000000 ---p 00000000 00:00 0 
7f7d6c000000-7f7d6c059000 rw-p 00000000 00:00 0 
7f7d6c059000-7f7d70000000 ---p 00000000 00:00 0 
7f7d70000000-7f7d70021000 rw-p 00000000 00:00 0 
7f7d70021000-7f7d74000000 ---p 00000000 00:00 0 
7f7d78000000-7f7d78021000 rw-p 00000000 00:00 0 
7f7d78021000-7f7d7c000000 ---p 00000000 00:00 0 
7f7d7c375000-7f7d7c376000 rw-p 00000000 00:00 0 
7f7d7c376000-7f7d7c379000 ---p 00000000 00:00 0 
7f7d7c379000-7f7d7c477000 rw-p 00000000 00:00 0                          [stack:7877]
7f7d7c477000-7f7d7c479000 r--s 00004000 08:08 1192006                    /home/chen/.gradle/caches/modules-2/files-2.1/org.ow2.asm/asm-tree/4.0/67bd266cd17adcee486b76952ece4cc85fe248b8/asm-tree-4.0.jar
7f7d7c479000-7f7d7c482000 r--s 000a7000 08:08 1192005                    /home/chen/.gradle/caches/modules-2/files-2.1/com.android.tools.external.lombok/lombok-ast/0.2.2/57e560b535ceaa14fb6f15422d74594acd6c5b64/lombok-ast-0.2.2.jar
7f7d7c482000-7f7d7c484000 r--s 0000a000 08:08 1192003                    /home/chen/.gradle/caches/modules-2/files-2.1/org.ow2.asm/asm/4.0/659add6efc75a4715d738e73f07505246edf4d66/asm-4.0.jar
7f7d7c484000-7f7d7c486000 r--s 0000d000 08:08 1192001                    /home/chen/.gradle/caches/modules-2/files-2.1/commons-codec/commons-codec/1.4/4216af16d38465bbab0f3dff8efa14204f7a399a/commons-codec-1.4.jar
7f7d7c486000-7f7d7c488000 r--s 0000d000 08:08 1192000                    /home/chen/.gradle/caches/modules-2/files-2.1/commons-logging/commons-logging/1.1.1/5043bfebc3db072ed80fbd362e7caf00e885d8ae/commons-logging-1.1.1.jar
7f7d7c488000-7f7d7c48d000 r--s 00028000 08:08 1191999                    /home/chen/.gradle/caches/modules-2/files-2.1/org.apache.httpcomponents/httpcore/4.1/33fc26c02f8043ab0ede19eadc8c9885386b255c/httpcore-4.1.jar
7f7d7c48d000-7f7d7c48e000 r--s 00004000 08:08 1191998                    /home/chen/.gradle/caches/modules-2/files-2.1/org.ow2.asm/asm-analysis/4.0/1c45d52b6f6c638db13cf3ac12adeb56b254cdd7/asm-analysis-4.0.jar
7f7d7c48e000-7f7d7c490000 r--s 00025000 08:08 1191997                    /home/chen/.gradle/caches/modules-2/files-2.1/com.android.tools.lint/lint-api/22.7.2/78c89a1700a23acb694f3d32f3e4644b039d8de6/lint-api-22.7.2.jar
7f7d7c490000-7f7d7c4c3000 r--s 00203000 08:08 1192002                    /home/chen/.gradle/caches/modules-2/files-2.1/org.bouncycastle/bcprov-jdk15on/1.48/960dea7c9181ba0b17e8bab0c06a43f0a5f04e65/bcprov-jdk15on-1.48.jar
7f7d7c4c3000-7f7d7c4ed000 r--s 001e9000 08:08 1191996                    /home/chen/.gradle/caches/modules-2/files-2.1/com.google.guava/guava/15.0/ed727a8d9f247e2050281cb083f1c77b09dcb5cd/guava-15.0.jar
7f7d7c4ed000-7f7d7c4f1000 r--s 00020000 08:08 1191994                    /home/chen/.gradle/caches/modules-2/files-2.1/org.apache.commons/commons-compress/1.0/995ae384a0b1e2c66269e6bc5198db8561fb45a2/commons-compress-1.0.jar
7f7d7c4f1000-7f7d7c4f2000 r--s 00003000 08:08 1191993                    /home/chen/.gradle/caches/modules-2/files-2.1/com.android.tools/dvlib/22.7.2/a530af84f9c948f72c4fe68b79865f511242f106/dvlib-22.7.2.jar
7f7d7c4f2000-7f7d7c4f4000 r--s 00005000 08:08 1191991                    /home/chen/.gradle/caches/modules-2/files-2.1/org.apache.httpcomponents/httpmime/4.1/9ba2dcdf94ce35c8a8e9bff242db0618ca932e92/httpmime-4.1.jar
7f7d7c4f4000-7f7d7c4fc000 r--s 0004e000 08:08 1191990                    /home/chen/.gradle/caches/modules-2/files-2.1/org.apache.httpcomponents/httpclient/4.1.1/3d1d918f32709e33ba7ddb2c4e8d1c543ebe713e/httpclient-4.1.1.jar
7f7d7c4fc000-7f7d7c4ff000 r--s 0000f000 08:08 1191989                    /home/chen/.gradle/caches/modules-2/files-2.1/com.android.tools.layoutlib/layoutlib-api/22.7.2/87f73d2a6733c3caa0f3a91f6c9351603c744f17/layoutlib-api-22.7.2.jar
7f7d7c4ff000-7f7d7c500000 r--s 0000a000 08:08 1191988                    /home/chen/.gradle/caches/modules-2/files-2.1/net.sf.kxml/kxml2/2.3.0/ccbc77a5fd907ef863c29f3596c6f54ffa4e9442/kxml2-2.3.0.jar
7f7d7c500000-7f7d7c50f000 r--s 000bd000 08:08 1191992                    /home/chen/.gradle/caches/modules-2/files-2.1/net.sf.proguard/proguard-base/4.10/46e891272ae0338af3f5de5e14d8d2641edefc2c/proguard-base-4.10.jar
7f7d7c50f000-7f7d7c51e000 r--s 001a9000 08:08 1191987                    /home/chen/.gradle/caches/modules-2/files-2.1/org.eclipse.jdt.core.compiler/ecj/4.2.2/d9fd79499c664bccaf24dbe04be417de6c6af64a/ecj-4.2.2.jar
7f7d7c51e000-7f7d7c522000 r--s 00078000 08:08 1191986                    /home/chen/.gradle/caches/modules-2/files-2.1/com.android.tools.lint/lint-checks/22.7.2/772c8857d60a09c270c5cac82370e2371bc40ffe/lint-checks-22.7.2.jar
7f7d7c522000-7f7d7c530000 r--s 00081000 08:08 1191985                    /home/chen/.gradle/caches/modules-2/files-2.1/org.bouncycastle/bcpkix-jdk15on/1.48/28b7614b908a47844bb27e3c94b45b6893656265/bcpkix-jdk15on-1.48.jar
7f7d7c530000-7f7d7c532000 r--s 00011000 08:08 1191984                    /home/chen/.gradle/caches/modules-2/files-2.1/com.android.tools/common/22.7.2/b5b41bb3cfad59132f84068e6857c152d90cb0d5/common-22.7.2.jar
7f7d7c532000-7f7d7c533000 r--s 00000000 08:08 1191983                    /home/chen/.gradle/caches/modules-2/files-2.1/com.android.tools.build/builder-test-api/0.9.2/33769dabb66560282d2cc9f4a64f8dd24a489e89/builder-test-api-0.9.2.jar
7f7d7c533000-7f7d7c534000 r--s 00002000 08:08 1191982                    /home/chen/.gradle/caches/modules-2/files-2.1/com.squareup/javawriter/2.2.1/d6dac1da0b24ab9ea9a6b5d49c2586d85f17e597/javawriter-2.2.1.jar
7f7d7c534000-7f7d7c53e000 r--s 0009d000 08:08 1191975                    /home/chen/.gradle/caches/modules-2/files-2.1/com.android.tools/sdklib/22.7.2/ed1a91f6d6743bad6b9bc45e51cd2ab7a71401/sdklib-22.7.2.jar
7f7d7c53e000-7f7d7c542000 r--s 0003d000 08:08 1191974                    /home/chen/.gradle/caches/modules-2/files-2.1/com.android.tools.ddms/ddmlib/22.7.2/3094c5a6d36ff7d0595a3489fca90b935219d414/ddmlib-22.7.2.jar
7f7d7c542000-7f7d7c543000 r--s 00009000 08:08 1191973                    /home/chen/.gradle/caches/modules-2/files-2.1/com.android.tools.build/manifest-merger/22.7.2/ce1639afae82278d1b21eadc5d26243b73a14598/manifest-merger-22.7.2.jar
7f7d7c543000-7f7d7c548000 r--s 00040000 08:08 1191972                    /home/chen/.gradle/caches/modules-2/files-2.1/com.android.tools/sdk-common/22.7.2/a445ae3c862d34796e6ed357d3d7b2e2b1f6416f/sdk-common-22.7.2.jar
7f7d7c548000-7f7d7c549000 r--s 00002000 08:08 1191971                    /home/chen/.gradle/caches/modules-2/files-2.1/com.android.tools.build/builder-model/0.9.2/43bc5a42968a1e5076abc75445dcf06f9c7b1c7a/builder-model-0.9.2.jar
7f7d7c549000-7f7d7c54c000 ---p 00000000 00:00 0 
7f7d7c54c000-7f7d7c64a000 rw-p 00000000 00:00 0                          [stack:7874]
7f7d7c64a000-7f7d7c64d000 ---p 00000000 00:00 0 
7f7d7c64d000-7f7d7c683000 rw-p 00000000 00:00 0                          [stack:7873]
7f7d7c683000-7f7d7c6ee000 r--s 00e22000 08:08 701076                     /usr/lib/jvm/jdk1.7.0_60/lib/tools.jar
7f7d7c6ee000-7f7d7c703000 r-xp 00000000 08:08 1191256                    /tmp/jna1551014146978416050.tmp
7f7d7c703000-7f7d7c802000 ---p 00015000 08:08 1191256                    /tmp/jna1551014146978416050.tmp
7f7d7c802000-7f7d7c804000 rw-p 00014000 08:08 1191256                    /tmp/jna1551014146978416050.tmp
7f7d7c804000-7f7d7c807000 ---p 00000000 00:00 0 
7f7d7c807000-7f7d7c905000 rw-p 00000000 00:00 0                          [stack:7871]
7f7d7c905000-7f7d7c908000 ---p 00000000 00:00 0 
7f7d7c908000-7f7d7ca06000 rw-p 00000000 00:00 0                          [stack:7868]
7f7d7ca06000-7f7d7ca09000 ---p 00000000 00:00 0 
7f7d7ca09000-7f7d7cb07000 rw-p 00000000 00:00 0                          [stack:7867]
7f7d7cb07000-7f7d7cb0a000 ---p 00000000 00:00 0 
7f7d7cb0a000-7f7d7cc08000 rw-p 00000000 00:00 0                          [stack:7866]
7f7d7cc08000-7f7d7cc1c000 r-xp 00000000 08:08 135078                     /lib/x86_64-linux-gnu/libgcc_s.so.1
7f7d7cc1c000-7f7d7ce1c000 ---p 00014000 08:08 135078                     /lib/x86_64-linux-gnu/libgcc_s.so.1
7f7d7ce1c000-7f7d7ce1d000 r--p 00014000 08:08 135078                     /lib/x86_64-linux-gnu/libgcc_s.so.1
7f7d7ce1d000-7f7d7ce1e000 rw-p 00015000 08:08 135078                     /lib/x86_64-linux-gnu/libgcc_s.so.1
7f7d7ce1e000-7f7d7cf03000 r-xp 00000000 08:08 1579353                    /usr/lib/x86_64-linux-gnu/libstdc++.so.6.0.17
7f7d7cf03000-7f7d7d102000 ---p 000e5000 08:08 1579353                    /usr/lib/x86_64-linux-gnu/libstdc++.so.6.0.17
7f7d7d102000-7f7d7d10a000 r--p 000e4000 08:08 1579353                    /usr/lib/x86_64-linux-gnu/libstdc++.so.6.0.17
7f7d7d10a000-7f7d7d10c000 rw-p 000ec000 08:08 1579353                    /usr/lib/x86_64-linux-gnu/libstdc++.so.6.0.17
7f7d7d10c000-7f7d7d121000 rw-p 00000000 00:00 0 
7f7d7d121000-7f7d7d122000 r--s 00002000 08:08 1191970                    /home/chen/.gradle/caches/modules-2/files-2.1/net.sf.proguard/proguard-gradle/4.10/edad1b6af1c08c54a58fb39da9fa48e03bc6678d/proguard-gradle-4.10.jar
7f7d7d122000-7f7d7d124000 r--s 00012000 08:08 1191969                    /home/chen/.gradle/caches/modules-2/files-2.1/com.android.tools.lint/lint/22.7.2/698562b3dc41a727284f726ec49695ef5c89ec40/lint-22.7.2.jar
7f7d7d124000-7f7d7d128000 r--s 00025000 08:08 1191968                    /home/chen/.gradle/caches/modules-2/files-2.1/com.android.tools.build/builder/0.9.2/3bb1c716cdfbd42981ab035870b782440ce5f871/builder-0.9.2.jar
7f7d7d128000-7f7d7d133000 r--s 000d4000 08:08 1191967                    /home/chen/.gradle/caches/modules-2/files-2.1/com.android.tools.build/gradle/0.9.2/8fd16e4a0954825b3d4336a18fa95091fb93d1ff/gradle-0.9.2.jar
7f7d7d133000-7f7d7d13c000 r--s 00251000 08:08 701203                     /usr/lib/jvm/jdk1.7.0_60/jre/lib/resources.jar
7f7d7d13c000-7f7d7d13d000 r--p 00000000 00:00 0 
7f7d7d13d000-7f7d7d141000 r-xp 00000000 08:08 152593                     /tmp/native-platform7554950206212428408dir/libnative-platform.so
7f7d7d141000-7f7d7d340000 ---p 00004000 08:08 152593                     /tmp/native-platform7554950206212428408dir/libnative-platform.so
7f7d7d340000-7f7d7d341000 rw-p 00003000 08:08 152593                     /tmp/native-platform7554950206212428408dir/libnative-platform.so
7f7d7d341000-7f7d7d345000 r--s 0008a000 08:08 701254                     /usr/lib/jvm/jdk1.7.0_60/jre/lib/jsse.jar
7f7d7d345000-7f7d7d347000 r--s 00003000 08:08 1602916                    /home/chen/.gradle/wrapper/dists/gradle-1.11-all/7qd8qq8te5j4f5q9aaei3gh3lj/gradle-1.11/lib/plugins/gradle-language-base-1.11.jar
7f7d7d347000-7f7d7d348000 r--s 00004000 08:08 1602915                    /home/chen/.gradle/wrapper/dists/gradle-1.11-all/7qd8qq8te5j4f5q9aaei3gh3lj/gradle-1.11/lib/plugins/gradle-language-jvm-1.11.jar
7f7d7d348000-7f7d7d34d000 r--s 00029000 08:08 1602914                    /home/chen/.gradle/wrapper/dists/gradle-1.11-all/7qd8qq8te5j4f5q9aaei3gh3lj/gradle-1.11/lib/plugins/gradle-build-init-1.11.jar
7f7d7d34d000-7f7d7d350000 r--s 0001f000 08:08 1602913                    /home/chen/.gradle/wrapper/dists/gradle-1.11-all/7qd8qq8te5j4f5q9aaei3gh3lj/gradle-1.11/lib/plugins/gradle-jacoco-1.11.jar
7f7d7d350000-7f7d7d353000 r--s 0000c000 08:08 1602912                    /home/chen/.gradle/wrapper/dists/gradle-1.11-all/7qd8qq8te5j4f5q9aaei3gh3lj/gradle-1.11/lib/plugins/gradle-ivy-1.11.jar
7f7d7d353000-7f7d7d355000 r--s 00002000 08:08 1602911                    /home/chen/.gradle/wrapper/dists/gradle-1.11-all/7qd8qq8te5j4f5q9aaei3gh3lj/gradle-1.11/lib/plugins/gradle-publish-1.11.jar
7f7d7d355000-7f7d7d357000 r--s 00005000 08:08 1602941                    /home/chen/.gradle/wrapper/dists/gradle-1.11-all/7qd8qq8te5j4f5q9aaei3gh3lj/gradle-1.11/lib/plugins/jatl-0.2.2.jar
7f7d7d357000-7f7d7d359000 r--s 00007000 08:08 1602910                    /home/chen/.gradle/wrapper/dists/gradle-1.11-all/7qd8qq8te5j4f5q9aaei3gh3lj/gradle-1.11/lib/plugins/gradle-reporting-1.11.jar
7f7d7d359000-7f7d7d35e000 r--s 0003c000 08:08 1602909                    /home/chen/.gradle/wrapper/dists/gradle-1.11-all/7qd8qq8te5j4f5q9aaei3gh3lj/gradle-1.11/lib/plugins/gradle-diagnostics-1.11.jar
7f7d7d35e000-7f7d7d365000 r--s 00094000 08:08 1602908                    /home/chen/.gradle/wrapper/dists/gradle-1.11-all/7qd8qq8te5j4f5q9aaei3gh3lj/gradle-1.11/lib/plugins/gradle-build-comparison-1.11.jar
7f7d7d365000-7f7d7d36c000 r--s 00035000 08:08 1602940                    /home/chen/.gradle/wrapper/dists/gradle-1.11-all/7qd8qq8te5j4f5q9aaei3gh3lj/gradle-1.11/lib/plugins/simple-4.1.21.jar
7f7d7d36c000-7f7d7d371000 r--s 0002a000 08:08 1602939                    /home/chen/.gradle/wrapper/dists/gradle-1.11-all/7qd8qq8te5j4f5q9aaei3gh3lj/gradle-1.11/lib/plugins/gson-2.2.4.jar
7f7d7d371000-7f7d7d37d000 r--s 00100000 08:08 1602938                    /home/chen/.gradle/wrapper/dists/gradle-1.11-all/7qd8qq8te5j4f5q9aaei3gh3lj/gradle-1.11/lib/plugins/rhino-1.7R3.jar
7f7d7d37d000-7f7d7d382000 r--s 00021000 08:08 1602907                    /home/chen/.gradle/wrapper/dists/gradle-1.11-all/7qd8qq8te5j4f5q9aaei3gh3lj/gradle-1.11/lib/plugins/gradle-javascript-1.11.jar
7f7d7d382000-7f7d7d384000 r--s 0000f000 08:08 1602906                    /home/chen/.gradle/wrapper/dists/gradle-1.11-all/7qd8qq8te5j4f5q9aaei3gh3lj/gradle-1.11/lib/plugins/gradle-ear-1.11.jar
7f7d7d384000-7f7d7d39a000 r--s 000d7000 08:08 1602905                    /home/chen/.gradle/wrapper/dists/gradle-1.11-all/7qd8qq8te5j4f5q9aaei3gh3lj/gradle-1.11/lib/plugins/gradle-cpp-1.11.jar
7f7d7d39a000-7f7d7d3c2000 r--s 00194000 08:08 1602950                    /home/chen/.gradle/wrapper/dists/gradle-1.11-all/7qd8qq8te5j4f5q9aaei3gh3lj/gradle-1.11/lib/plugins/bcprov-jdk15-1.46.jar
7f7d7d3c2000-7f7d7d3c6000 r--s 00025000 08:08 1602937                    /home/chen/.gradle/wrapper/dists/gradle-1.11-all/7qd8qq8te5j4f5q9aaei3gh3lj/gradle-1.11/lib/plugins/bcpg-jdk15-1.46.jar
7f7d7d3c6000-7f7d7d3c9000 r--s 00021000 08:08 1602904                    /home/chen/.gradle/wrapper/dists/gradle-1.11-all/7qd8qq8te5j4f5q9aaei3gh3lj/gradle-1.11/lib/plugins/gradle-signing-1.11.jar
7f7d7d3c9000-7f7d7d3ca000 r--s 00002000 08:08 1602936                    /home/chen/.gradle/wrapper/dists/gradle-1.11-all/7qd8qq8te5j4f5q9aaei3gh3lj/gradle-1.11/lib/plugins/sonar-batch-bootstrapper-2.9.jar
7f7d7d3ca000-7f7d7d3d8000 r--s 000d3000 08:08 1602900                    /home/chen/.gradle/wrapper/dists/gradle-1.11-all/7qd8qq8te5j4f5q9aaei3gh3lj/gradle-1.11/lib/plugins/gradle-ide-1.11.jar
7f7d7d3d8000-7f7d7d3e8000 r-xp 00000000 08:08 1330282                    /usr/lib/jvm/jdk1.7.0_60/jre/lib/amd64/libnio.so
7f7d7d3e8000-7f7d7d5e8000 ---p 00010000 08:08 1330282                    /usr/lib/jvm/jdk1.7.0_60/jre/lib/amd64/libnio.so
7f7d7d5e8000-7f7d7d5e9000 rw-p 00010000 08:08 1330282                    /usr/lib/jvm/jdk1.7.0_60/jre/lib/amd64/libnio.so
7f7d7d5e9000-7f7d7d5ff000 r-xp 00000000 08:08 1330244                    /usr/lib/jvm/jdk1.7.0_60/jre/lib/amd64/libnet.so
7f7d7d5ff000-7f7d7d7ff000 ---p 00016000 08:08 1330244                    /usr/lib/jvm/jdk1.7.0_60/jre/lib/amd64/libnet.so
7f7d7d7ff000-7f7d7d800000 rw-p 00016000 08:08 1330244                    /usr/lib/jvm/jdk1.7.0_60/jre/lib/amd64/libnet.so
7f7d7d800000-7f7d80000000 rw-p 00000000 00:00 0 
7f7d80000000-7f7d80021000 rw-p 00000000 00:00 0 
7f7d80021000-7f7d84000000 ---p 00000000 00:00 0 
7f7d84000000-7f7d84001000 r--s 00007000 08:08 1602935                    /home/chen/.gradle/wrapper/dists/gradle-1.11-all/7qd8qq8te5j4f5q9aaei3gh3lj/gradle-1.11/lib/plugins/sonar-runner-2.0.jar
7f7d84001000-7f7d84004000 r--s 00022000 08:08 1602903                    /home/chen/.gradle/wrapper/dists/gradle-1.11-all/7qd8qq8te5j4f5q9aaei3gh3lj/gradle-1.11/lib/plugins/gradle-sonar-1.11.jar
7f7d84004000-7f7d84007000 r--s 0001c000 08:08 1602902                    /home/chen/.gradle/wrapper/dists/gradle-1.11-all/7qd8qq8te5j4f5q9aaei3gh3lj/gradle-1.11/lib/plugins/gradle-scala-1.11.jar
7f7d84007000-7f7d84009000 r--s 0000f000 08:08 1602901                    /home/chen/.gradle/wrapper/dists/gradle-1.11-all/7qd8qq8te5j4f5q9aaei3gh3lj/gradle-1.11/lib/plugins/gradle-announce-1.11.jar
7f7d84009000-7f7d8400b000 r--s 00000000 08:08 1602934                    /home/chen/.gradle/wrapper/dists/gradle-1.11-all/7qd8qq8te5j4f5q9aaei3gh3lj/gradle-1.11/lib/plugins/plexus-component-annotations-1.5.2.jar
7f7d8400b000-7f7d8400e000 r--s 0000c000 08:08 1602933                    /home/chen/.gradle/wrapper/dists/gradle-1.11-all/7qd8qq8te5j4f5q9aaei3gh3lj/gradle-1.11/lib/plugins/pmaven-groovy-0.8-20100325.jar
7f7d8400e000-7f7d8400f000 r--s 00004000 08:08 1602932                    /home/chen/.gradle/wrapper/dists/gradle-1.11-all/7qd8qq8te5j4f5q9aaei3gh3lj/gradle-1.11/lib/plugins/pmaven-common-0.8-20100325.jar
7f7d8400f000-7f7d84013000 r--s 0001d000 08:08 1602899                    /home/chen/.gradle/wrapper/dists/gradle-1.11-all/7qd8qq8te5j4f5q9aaei3gh3lj/gradle-1.11/lib/plugins/gradle-maven-1.11.jar
7f7d84013000-7f7d8402b000 r--s 0013b000 08:08 1602930                    /home/chen/.gradle/wrapper/dists/gradle-1.11-all/7qd8qq8te5j4f5q9aaei3gh3lj/gradle-1.11/lib/plugins/bndlib-2.1.0.jar
7f7d8402b000-7f7d8402c000 r--s 00005000 08:08 1602898                    /home/chen/.gradle/wrapper/dists/gradle-1.11-all/7qd8qq8te5j4f5q9aaei3gh3lj/gradle-1.11/lib/plugins/gradle-osgi-1.11.jar
7f7d8402c000-7f7d84031000 r--s 00068000 08:08 1602929                    /home/chen/.gradle/wrapper/dists/gradle-1.11-all/7qd8qq8te5j4f5q9aaei3gh3lj/gradle-1.11/lib/plugins/antlr-2.7.7.jar
7f7d84031000-7f7d84032000 r--s 00002000 08:08 1602928                    /home/chen/.gradle/wrapper/dists/gradle-1.11-all/7qd8qq8te5j4f5q9aaei3gh3lj/gradle-1.11/lib/plugins/ant-antlr-1.9.2.jar
7f7d84032000-7f7d84034000 r--s 00004000 08:08 1602897                    /home/chen/.gradle/wrapper/dists/gradle-1.11-all/7qd8qq8te5j4f5q9aaei3gh3lj/gradle-1.11/lib/plugins/gradle-antlr-1.11.jar
7f7d84034000-7f7d84037000 r--s 0001e000 08:08 1602949                    /home/chen/.gradle/wrapper/dists/gradle-1.11-all/7qd8qq8te5j4f5q9aaei3gh3lj/gradle-1.11/lib/plugins/jsp-api-2.1-6.1.14.jar
7f7d84037000-7f7d8405a000 r--s 00344000 08:08 1602948                    /home/chen/.gradle/wrapper/dists/gradle-1.11-all/7qd8qq8te5j4f5q9aaei3gh3lj/gradle-1.11/lib/plugins/core-3.1.1.jar
7f7d8405a000-7f7d8405b000 r--s 00006000 08:08 1602947                    /home/chen/.gradle/wrapper/dists/gradle-1.11-all/7qd8qq8te5j4f5q9aaei3gh3lj/gradle-1.11/lib/plugins/jetty-naming-6.1.25.jar
7f7d8405b000-7f7d8405c000 r--s 00002000 08:08 1602927                    /home/chen/.gradle/wrapper/dists/gradle-1.11-all/7qd8qq8te5j4f5q9aaei3gh3lj/gradle-1.11/lib/plugins/geronimo-annotation_1.0_spec-1.0.jar
7f7d8405c000-7f7d8405e000 r--s 00002000 08:08 1602926                    /home/chen/.gradle/wrapper/dists/gradle-1.11-all/7qd8qq8te5j4f5q9aaei3gh3lj/gradle-1.11/lib/plugins/jetty-annotations-6.1.25.jar
7f7d8405e000-7f7d8406f000 r--s 000ea000 08:08 1602925                    /home/chen/.gradle/wrapper/dists/gradle-1.11-all/7qd8qq8te5j4f5q9aaei3gh3lj/gradle-1.11/lib/plugins/jsp-2.1-6.1.14.jar
7f7d8406f000-7f7d84071000 r--s 0000d000 08:08 1602924                    /home/chen/.gradle/wrapper/dists/gradle-1.11-all/7qd8qq8te5j4f5q9aaei3gh3lj/gradle-1.11/lib/plugins/jetty-plus-6.1.25.jar
7f7d84071000-7f7d84073000 r--s 0001f000 08:08 1602923                    /home/chen/.gradle/wrapper/dists/gradle-1.11-all/7qd8qq8te5j4f5q9aaei3gh3lj/gradle-1.11/lib/plugins/servlet-api-2.5-20081211.jar
7f7d84073000-7f7d84077000 r--s 00028000 08:08 1602922                    /home/chen/.gradle/wrapper/dists/gradle-1.11-all/7qd8qq8te5j4f5q9aaei3gh3lj/gradle-1.11/lib/plugins/jetty-util-6.1.25.jar
7f7d84077000-7f7d8407e000 r--s 0007d000 08:08 1602921                    /home/chen/.gradle/wrapper/dists/gradle-1.11-all/7qd8qq8te5j4f5q9aaei3gh3lj/gradle-1.11/lib/plugins/jetty-6.1.25.jar
7f7d8407e000-7f7d84080000 r--s 00009000 08:08 1602896                    /home/chen/.gradle/wrapper/dists/gradle-1.11-all/7qd8qq8te5j4f5q9aaei3gh3lj/gradle-1.11/lib/plugins/gradle-jetty-1.11.jar
7f7d84080000-7f7d84086000 r--s 0004c000 08:08 1602895                    /home/chen/.gradle/wrapper/dists/gradle-1.11-all/7qd8qq8te5j4f5q9aaei3gh3lj/gradle-1.11/lib/plugins/gradle-code-quality-1.11.jar
7f7d84086000-7f7d84088000 r--s 00009000 08:08 1602953                    /home/chen/.gradle/wrapper/dists/gradle-1.11-all/7qd8qq8te5j4f5q9aaei3gh3lj/gradle-1.11/lib/plugins/hamcrest-core-1.3.jar
7f7d84088000-7f7d8408e000 r--s 00033000 08:08 1602946                    /home/chen/.gradle/wrapper/dists/gradle-1.11-all/7qd8qq8te5j4f5q9aaei3gh3lj/gradle-1.11/lib/plugins/snakeyaml-1.6.jar
7f7d8408e000-7f7d84090000 r--s 00006000 08:08 1602945                    /home/chen/.gradle/wrapper/dists/gradle-1.11-all/7qd8qq8te5j4f5q9aaei3gh3lj/gradle-1.11/lib/plugins/jcommander-1.12.jar
7f7d84090000-7f7d84095000 r--s 00040000 08:08 1602944                    /home/chen/.gradle/wrapper/dists/gradle-1.11-all/7qd8qq8te5j4f5q9aaei3gh3lj/gradle-1.11/lib/plugins/bsh-2.0b4.jar
7f7d84095000-7f7d84097000 r--s 00009000 08:08 1602920                    /home/chen/.gradle/wrapper/dists/gradle-1.11-all/7qd8qq8te5j4f5q9aaei3gh3lj/gradle-1.11/lib/plugins/commons-cli-1.2.jar
7f7d84097000-7f7d840a0000 r--s 00089000 08:08 1602919                    /home/chen/.gradle/wrapper/dists/gradle-1.11-all/7qd8qq8te5j4f5q9aaei3gh3lj/gradle-1.11/lib/plugins/testng-6.3.1.jar
7f7d840a0000-7f7d840a6000 r--s 00036000 08:08 1602918                    /home/chen/.gradle/wrapper/dists/gradle-1.11-all/7qd8qq8te5j4f5q9aaei3gh3lj/gradle-1.11/lib/plugins/junit-4.11.jar
7f7d840a6000-7f7d840b6000 r--s 000ab000 08:08 1602894                    /home/chen/.gradle/wrapper/dists/gradle-1.11-all/7qd8qq8te5j4f5q9aaei3gh3lj/gradle-1.11/lib/plugins/gradle-plugins-1.11.jar
7f7d840b6000-7f7d840ce000 r--s 00115000 08:08 1602951                    /home/chen/.gradle/wrapper/dists/gradle-1.11-all/7qd8qq8te5j4f5q9aaei3gh3lj/gradle-1.11/lib/plugins/xercesImpl-2.9.1.jar
7f7d840ce000-7f7d840d6000 r--s 00028000 08:08 1602952                    /home/chen/.gradle/wrapper/dists/gradle-1.11-all/7qd8qq8te5j4f5q9aaei3gh3lj/gradle-1.11/lib/plugins/xml-apis-1.3.04.jar
7f7d840d6000-7f7d840da000 r--s 0001d000 08:08 1602943                    /home/chen/.gradle/wrapper/dists/gradle-1.11-all/7qd8qq8te5j4f5q9aaei3gh3lj/gradle-1.11/lib/plugins/xbean-reflect-3.4.jar
7f7d840da000-7f7d840dd000 r--s 0001c000 08:08 1602942                    /home/chen/.gradle/wrapper/dists/gradle-1.11-all/7qd8qq8te5j4f5q9aaei3gh3lj/gradle-1.11/lib/plugins/nekohtml-1.9.14.jar
7f7d840dd000-7f7d840f6000 r--s 00129000 08:08 1602931                    /home/chen/.gradle/wrapper/dists/gradle-1.11-all/7qd8qq8te5j4f5q9aaei3gh3lj/gradle-1.11/lib/plugins/maven-ant-tasks-2.1.3.jar
7f7d840f6000-7f7d840fa000 r--s 0001e000 08:08 1602893                    /home/chen/.gradle/wrapper/dists/gradle-1.11-all/7qd8qq8te5j4f5q9aaei3gh3lj/gradle-1.11/lib/plugins/jarjar-aether-impl-1.13.1.jar
7f7d840fa000-7f7d840fd000 r--s 00027000 08:08 1602892                    /home/chen/.gradle/wrapper/dists/gradle-1.11-all/7qd8qq8te5j4f5q9aaei3gh3lj/gradle-1.11/lib/plugins/jarjar-maven-model-3.0.4.jar
7f7d840fd000-7f7d84100000 r--s 0000b000 08:08 1602891                    /home/chen/.gradle/wrapper/dists/gradle-1.11-all/7qd8qq8te5j4f5q9aaei3gh3lj/gradle-1.11/lib/plugins/jarjar-maven-artifact-3.0.4.jar
7f7d84100000-7f7d84104000 r--s 0001e000 08:08 1602890                    /home/chen/.gradle/wrapper/dists/gradle-1.11-all/7qd8qq8te5j4f5q9aaei3gh3lj/gradle-1.11/lib/plugins/jarjar-aether-util-1.13.1.jar
7f7d84104000-7f7d84106000 r--s 00007000 08:08 1602889                    /home/chen/.gradle/wrapper/dists/gradle-1.11-all/7qd8qq8te5j4f5q9aaei3gh3lj/gradle-1.11/lib/plugins/jarjar-wagon-http-shared4-2.4.jar
7f7d84106000-7f7d84113000 r--s 00083000 08:08 1602888                    /home/chen/.gradle/wrapper/dists/gradle-1.11-all/7qd8qq8te5j4f5q9aaei3gh3lj/gradle-1.11/lib/plugins/jarjar-maven-core-3.0.4.jar
7f7d84113000-7f7d84115000 r--s 00003000 08:08 1602887                    /home/chen/.gradle/wrapper/dists/gradle-1.11-all/7qd8qq8te5j4f5q9aaei3gh3lj/gradle-1.11/lib/plugins/jarjar-aether-spi-1.13.1.jar
7f7d84115000-7f7d84117000 r--s 00009000 08:08 1602886                    /home/chen/.gradle/wrapper/dists/gradle-1.11-all/7qd8qq8te5j4f5q9aaei3gh3lj/gradle-1.11/lib/plugins/jarjar-maven-settings-builder-3.0.4.jar
7f7d84117000-7f7d8411b000 r--s 00014000 08:08 1602885                    /home/chen/.gradle/wrapper/dists/gradle-1.11-all/7qd8qq8te5j4f5q9aaei3gh3lj/gradle-1.11/lib/plugins/jarjar-aether-api-1.13.1.jar
7f7d8411b000-7f7d8411c000 r--s 00002000 08:08 1602884                    /home/chen/.gradle/wrapper/dists/gradle-1.11-all/7qd8qq8te5j4f5q9aaei3gh3lj/gradle-1.11/lib/plugins/jarjar-wagon-http-2.4.jar
7f7d8411c000-7f7d84123000 r--s 00042000 08:08 1602883                    /home/chen/.gradle/wrapper/dists/gradle-1.11-all/7qd8qq8te5j4f5q9aaei3gh3lj/gradle-1.11/lib/plugins/jarjar-maven-compat-3.0.4.jar
7f7d84123000-7f7d84125000 r--s 00006000 08:08 1602882                    /home/chen/.gradle/wrapper/dists/gradle-1.11-all/7qd8qq8te5j4f5q9aaei3gh3lj/gradle-1.11/lib/plugins/jarjar-aether-connector-wagon-1.13.1.jar
7f7d84125000-7f7d84127000 r--s 00000000 08:08 1602881                    /home/chen/.gradle/wrapper/dists/gradle-1.11-all/7qd8qq8te5j4f5q9aaei3gh3lj/gradle-1.11/lib/plugins/jarjar-plexus-component-annotations-1.5.5.jar
7f7d84127000-7f7d84129000 r--s 00006000 08:08 1602880                    /home/chen/.gradle/wrapper/dists/gradle-1.11-all/7qd8qq8te5j4f5q9aaei3gh3lj/gradle-1.11/lib/plugins/jarjar-plexus-sec-dispatcher-1.3.jar
7f7d84129000-7f7d8412e000 r--s 00022000 08:08 1602879                    /home/chen/.gradle/wrapper/dists/gradle-1.11-all/7qd8qq8te5j4f5q9aaei3gh3lj/gradle-1.11/lib/plugins/jarjar-maven-model-builder-3.0.4.jar
7f7d8412e000-7f7d84130000 r--s 0000b000 08:08 1602878                    /home/chen/.gradle/wrapper/dists/gradle-1.11-all/7qd8qq8te5j4f5q9aaei3gh3lj/gradle-1.11/lib/plugins/jarjar-maven-plugin-api-3.0.4.jar
7f7d84130000-7f7d84133000 r--s 0000a000 08:08 1602877                    /home/chen/.gradle/wrapper/dists/gradle-1.11-all/7qd8qq8te5j4f5q9aaei3gh3lj/gradle-1.11/lib/plugins/jarjar-plexus-classworlds-2.4.jar
7f7d84133000-7f7d84137000 r--s 00035000 08:08 1602876                    /home/chen/.gradle/wrapper/dists/gradle-1.11-all/7qd8qq8te5j4f5q9aaei3gh3lj/gradle-1.11/lib/plugins/jarjar-plexus-utils-2.0.6.jar
7f7d84137000-7f7d84139000 r--s 0000e000 08:08 1602875                    /home/chen/.gradle/wrapper/dists/gradle-1.11-all/7qd8qq8te5j4f5q9aaei3gh3lj/gradle-1.11/lib/plugins/jarjar-plexus-interpolation-1.14.jar
7f7d84139000-7f7d8413b000 r--s 00002000 08:08 1602874                    /home/chen/.gradle/wrapper/dists/gradle-1.11-all/7qd8qq8te5j4f5q9aaei3gh3lj/gradle-1.11/lib/plugins/jarjar-plexus-cipher-1.7.jar
7f7d8413b000-7f7d8413d000 r--s 0000c000 08:08 1602873                    /home/chen/.gradle/wrapper/dists/gradle-1.11-all/7qd8qq8te5j4f5q9aaei3gh3lj/gradle-1.11/lib/plugins/jarjar-wagon-provider-api-2.4.jar
7f7d8413d000-7f7d8413f000 r--s 0000d000 08:08 1602872                    /home/chen/.gradle/wrapper/dists/gradle-1.11-all/7qd8qq8te5j4f5q9aaei3gh3lj/gradle-1.11/lib/plugins/jarjar-maven-aether-provider-3.0.4.jar
7f7d8413f000-7f7d84147000 r--s 00031000 08:08 1602871                    /home/chen/.gradle/wrapper/dists/gradle-1.11-all/7qd8qq8te5j4f5q9aaei3gh3lj/gradle-1.11/lib/plugins/jarjar-plexus-container-default-1.5.5.jar
7f7d84147000-7f7d84148000 r--s 00007000 08:08 1602870                    /home/chen/.gradle/wrapper/dists/gradle-1.11-all/7qd8qq8te5j4f5q9aaei3gh3lj/gradle-1.11/lib/plugins/jarjar-maven-repository-metadata-3.0.4.jar
7f7d84148000-7f7d84149000 r--s 0000b000 08:08 1602869                    /home/chen/.gradle/wrapper/dists/gradle-1.11-all/7qd8qq8te5j4f5q9aaei3gh3lj/gradle-1.11/lib/plugins/jarjar-maven-settings-3.0.4.jar
7f7d84149000-7f7d8415f000 r--s 000a1000 08:08 1602917                    /home/chen/.gradle/wrapper/dists/gradle-1.11-all/7qd8qq8te5j4f5q9aaei3gh3lj/gradle-1.11/lib/plugins/gradle-core-impl-1.11.jar
7f7d8415f000-7f7d84174000 r--p 00000000 08:08 1843088                    /usr/share/locale-langpack/zh_CN/LC_MESSAGES/libc.mo
7f7d84174000-7f7d841a5000 rw-p 00000000 00:00 0 
7f7d841a5000-7f7d841a6000 r--s 00005000 08:08 1602807                    /home/chen/.gradle/wrapper/dists/gradle-1.11-all/7qd8qq8te5j4f5q9aaei3gh3lj/gradle-1.11/lib/gradle-wrapper-1.11.jar
7f7d841a6000-7f7d841ae000 r--s 00025000 08:08 1602812                    /home/chen/.gradle/wrapper/dists/gradle-1.11-all/7qd8qq8te5j4f5q9aaei3gh3lj/gradle-1.11/lib/gradle-tooling-api-1.11.jar
7f7d841ae000-7f7d841b0000 r--s 00005000 08:08 1602837                    /home/chen/.gradle/wrapper/dists/gradle-1.11-all/7qd8qq8te5j4f5q9aaei3gh3lj/gradle-1.11/lib/gradle-open-api-1.11.jar
7f7d841b0000-7f7d841b6000 r--s 00032000 08:08 1602839                    /home/chen/.gradle/wrapper/dists/gradle-1.11-all/7qd8qq8te5j4f5q9aaei3gh3lj/gradle-1.11/lib/jaxen-1.1.jar
7f7d841b6000-7f7d841bb000 r--s 00048000 08:08 1602838                    /home/chen/.gradle/wrapper/dists/gradle-1.11-all/7qd8qq8te5j4f5q9aaei3gh3lj/gradle-1.11/lib/dom4j-1.6.1.jar
7f7d841bb000-7f7d841c6000 r--s 0005b000 08:08 1602811                    /home/chen/.gradle/wrapper/dists/gradle-1.11-all/7qd8qq8te5j4f5q9aaei3gh3lj/gradle-1.11/lib/gradle-ui-1.11.jar
7f7d841c6000-7f7d841c8000 r--s 00007000 08:08 1602863                    /home/chen/.gradle/wrapper/dists/gradle-1.11-all/7qd8qq8te5j4f5q9aaei3gh3lj/gradle-1.11/lib/objenesis-1.2.jar
7f7d841c8000-7f7d841ca000 r--s 00000000 08:08 1602862                    /home/chen/.gradle/wrapper/dists/gradle-1.11-all/7qd8qq8te5j4f5q9aaei3gh3lj/gradle-1.11/lib/minlog-1.2.jar
7f7d841ca000-7f7d841cc000 r--s 0000f000 08:08 1602861                    /home/chen/.gradle/wrapper/dists/gradle-1.11-all/7qd8qq8te5j4f5q9aaei3gh3lj/gradle-1.11/lib/reflectasm-1.07-shaded.jar
7f7d841cc000-7f7d841ce000 r--s 0000a000 08:08 1602867                    /home/chen/.gradle/wrapper/dists/gradle-1.11-all/7qd8qq8te5j4f5q9aaei3gh3lj/gradle-1.11/lib/asm-4.0.jar
7f7d841ce000-7f7d841d2000 r--s 00026000 08:08 1602852                    /home/chen/.gradle/wrapper/dists/gradle-1.11-all/7qd8qq8te5j4f5q9aaei3gh3lj/gradle-1.11/lib/kryo-2.20.jar
7f7d841d2000-7f7d841da000 r--s 00035000 08:08 1602833                    /home/chen/.gradle/wrapper/dists/gradle-1.11-all/7qd8qq8te5j4f5q9aaei3gh3lj/gradle-1.11/lib/gradle-messaging-1.11.jar
7f7d841da000-7f7d841db000 r--s 00005000 08:08 1602858                    /home/chen/.gradle/wrapper/dists/gradle-1.11-all/7qd8qq8te5j4f5q9aaei3gh3lj/gradle-1.11/lib/native-platform-windows-i386-0.7.jar
7f7d841db000-7f7d841dc000 r--s 00005000 08:08 1602857                    /home/chen/.gradle/wrapper/dists/gradle-1.11-all/7qd8qq8te5j4f5q9aaei3gh3lj/gradle-1.11/lib/native-platform-windows-amd64-0.7.jar
7f7d841dc000-7f7d841dd000 r--s 00003000 08:08 1602856                    /home/chen/.gradle/wrapper/dists/gradle-1.11-all/7qd8qq8te5j4f5q9aaei3gh3lj/gradle-1.11/lib/native-platform-linux-i386-0.7.jar
7f7d841dd000-7f7d841de000 r--s 00003000 08:08 1602855                    /home/chen/.gradle/wrapper/dists/gradle-1.11-all/7qd8qq8te5j4f5q9aaei3gh3lj/gradle-1.11/lib/native-platform-linux-amd64-0.7.jar
7f7d841de000-7f7d841df000 r--s 00002000 08:08 1602854                    /home/chen/.gradle/wrapper/dists/gradle-1.11-all/7qd8qq8te5j4f5q9aaei3gh3lj/gradle-1.11/lib/native-platform-osx-amd64-0.7.jar
7f7d841df000-7f7d841e0000 r--s 00002000 08:08 1602853                    /home/chen/.gradle/wrapper/dists/gradle-1.11-all/7qd8qq8te5j4f5q9aaei3gh3lj/gradle-1.11/lib/native-platform-osx-i386-0.7.jar
7f7d841e0000-7f7d841e2000 r--s 00008000 08:08 1602843                    /home/chen/.gradle/wrapper/dists/gradle-1.11-all/7qd8qq8te5j4f5q9aaei3gh3lj/gradle-1.11/lib/jansi-1.2.1.jar
7f7d841e2000-7f7d841e5000 r--s 00013000 08:08 1602842                    /home/chen/.gradle/wrapper/dists/gradle-1.11-all/7qd8qq8te5j4f5q9aaei3gh3lj/gradle-1.11/lib/jna-posix-1.0.3.jar
7f7d841e5000-7f7d841e7000 r--s 0000d000 08:08 1602841                    /home/chen/.gradle/wrapper/dists/gradle-1.11-all/7qd8qq8te5j4f5q9aaei3gh3lj/gradle-1.11/lib/native-platform-0.7.jar
7f7d841e7000-7f7d841eb000 r--s 000e4000 08:08 1602840                    /home/chen/.gradle/wrapper/dists/gradle-1.11-all/7qd8qq8te5j4f5q9aaei3gh3lj/gradle-1.11/lib/jna-3.2.7.jar
7f7d841eb000-7f7d841ed000 r--s 00009000 08:08 1602813                    /home/chen/.gradle/wrapper/dists/gradle-1.11-all/7qd8qq8te5j4f5q9aaei3gh3lj/gradle-1.11/lib/gradle-native-1.11.jar
7f7d841ed000-7f7d841ef000 r--s 00005000 08:08 1602810                    /home/chen/.gradle/wrapper/dists/gradle-1.11-all/7qd8qq8te5j4f5q9aaei3gh3lj/gradle-1.11/lib/gradle-cli-1.11.jar
7f7d841ef000-7f7d841f0000 r--s 00000000 08:08 1602818                    /home/chen/.gradle/wrapper/dists/gradle-1.11-all/7qd8qq8te5j4f5q9aaei3gh3lj/gradle-1.11/lib/gradle-resources-1.11.jar
7f7d841f0000-7f7d841f2000 r--s 00000000 08:08 1602817                    /home/chen/.gradle/wrapper/dists/gradle-1.11-all/7qd8qq8te5j4f5q9aaei3gh3lj/gradle-1.11/lib/gradle-base-services-groovy-1.11.jar
7f7d841f2000-7f7d841f3000 r--s 00000000 08:08 1602834                    /home/chen/.gradle/wrapper/dists/gradle-1.11-all/7qd8qq8te5j4f5q9aaei3gh3lj/gradle-1.11/lib/gradle-docs-1.11.jar
7f7d841f3000-7f7d841f9000 r--s 0005b000 08:08 1602851                    /home/chen/.gradle/wrapper/dists/gradle-1.11-all/7qd8qq8te5j4f5q9aaei3gh3lj/gradle-1.11/lib/jcifs-1.3.17.jar
7f7d841f9000-7f7d841ff000 r--s 00031000 08:08 1602850                    /home/chen/.gradle/wrapper/dists/gradle-1.11-all/7qd8qq8te5j4f5q9aaei3gh3lj/gradle-1.11/lib/httpcore-4.2.2.jar
7f7d841ff000-7f7d84205000 r--s 00033000 08:08 1602849                    /home/chen/.gradle/wrapper/dists/gradle-1.11-all/7qd8qq8te5j4f5q9aaei3gh3lj/gradle-1.11/lib/commons-codec-1.6.jar
7f7d84205000-7f7d84207000 r--s 00026000 08:08 1602848                    /home/chen/.gradle/wrapper/dists/gradle-1.11-all/7qd8qq8te5j4f5q9aaei3gh3lj/gradle-1.11/lib/http-builder-0.6.jar
7f7d84207000-7f7d84209000 r--s 00013000 08:08 1602860                    /home/chen/.gradle/wrapper/dists/gradle-1.11-all/7qd8qq8te5j4f5q9aaei3gh3lj/gradle-1.11/lib/xml-resolver-1.2.jar
7f7d84209000-7f7d8420d000 r--s 00022000 08:08 1602859                    /home/chen/.gradle/wrapper/dists/gradle-1.11-all/7qd8qq8te5j4f5q9aaei3gh3lj/gradle-1.11/lib/json-lib-2.3-jdk15.jar
7f7d8420d000-7f7d84210000 r--s 00013000 08:08 1602866                    /home/chen/.gradle/wrapper/dists/gradle-1.11-all/7qd8qq8te5j4f5q9aaei3gh3lj/gradle-1.11/lib/ezmorph-1.0.6.jar
7f7d84210000-7f7d84215000 r--s 00034000 08:08 1602864                    /home/chen/.gradle/wrapper/dists/gradle-1.11-all/7qd8qq8te5j4f5q9aaei3gh3lj/gradle-1.11/lib/commons-beanutils-1.8.0.jar
7f7d84215000-7f7d84217000 r--s 0000d000 08:08 1602865                    /home/chen/.gradle/wrapper/dists/gradle-1.11-all/7qd8qq8te5j4f5q9aaei3gh3lj/gradle-1.11/lib/commons-logging-1.1.1.jar
7f7d84217000-7f7d84218000 r--s 00001000 08:08 1602847                    /home/chen/.gradle/wrapper/dists/gradle-1.11-all/7qd8qq8te5j4f5q9aaei3gh3lj/gradle-1.11/lib/bintray-client-java-api-0.1.0.jar
7f7d84218000-7f7d84227000 r--s 0007f000 08:08 1602846                    /home/chen/.gradle/wrapper/dists/gradle-1.11-all/7qd8qq8te5j4f5q9aaei3gh3lj/gradle-1.11/lib/joda-time-2.3.jar
7f7d84227000-7f7d8422b000 r--s 00034000 08:08 1602845                    /home/chen/.gradle/wrapper/dists/gradle-1.11-all/7qd8qq8te5j4f5q9aaei3gh3lj/gradle-1.11/lib/jsch-0.1.46.jar
7f7d8422b000-7f7d8422d000 r--s 00003000 08:08 1602836                    /home/chen/.gradle/wrapper/dists/gradle-1.11-all/7qd8qq8te5j4f5q9aaei3gh3lj/gradle-1.11/lib/jcl-over-slf4j-1.7.5.jar
7f7d8422d000-7f7d8422f000 r--s 00004000 08:08 1602835                    /home/chen/.gradle/wrapper/dists/gradle-1.11-all/7qd8qq8te5j4f5q9aaei3gh3lj/gradle-1.11/lib/log4j-over-slf4j-1.7.5.jar
7f7d8422f000-7f7d84238000 r--s 00060000 08:08 1602832                    /home/chen/.gradle/wrapper/dists/gradle-1.11-all/7qd8qq8te5j4f5q9aaei3gh3lj/gradle-1.11/lib/httpclient-4.2.2.jar
7f7d84238000-7f7d8423b000 r--s 0001b000 08:08 1602829                    /home/chen/.gradle/wrapper/dists/gradle-1.11-all/7qd8qq8te5j4f5q9aaei3gh3lj/gradle-1.11/lib/jarjar-1.3.jar
7f7d8423b000-7f7d84241000 r--s 0003b000 08:08 1602826                    /home/chen/.gradle/wrapper/dists/gradle-1.11-all/7qd8qq8te5j4f5q9aaei3gh3lj/gradle-1.11/lib/logback-classic-1.0.13.jar
7f7d84241000-7f7d8424b000 r--s 0005d000 08:08 1602825                    /home/chen/.gradle/wrapper/dists/gradle-1.11-all/7qd8qq8te5j4f5q9aaei3gh3lj/gradle-1.11/lib/logback-core-1.0.13.jar
7f7d8424b000-7f7d8425a000 r--s 000d9000 08:08 1602824                    /home/chen/.gradle/wrapper/dists/gradle-1.11-all/7qd8qq8te5j4f5q9aaei3gh3lj/gradle-1.11/lib/ivy-2.2.0.jar
7f7d8425a000-7f7d84268000 r--s 0007f000 08:08 1602821                    /home/chen/.gradle/wrapper/dists/gradle-1.11-all/7qd8qq8te5j4f5q9aaei3gh3lj/gradle-1.11/lib/commons-collections-3.2.1.jar
7f7d84268000-7f7d842c4000 r--s 00586000 08:08 1602816                    /home/chen/.gradle/wrapper/dists/gradle-1.11-all/7qd8qq8te5j4f5q9aaei3gh3lj/gradle-1.11/lib/groovy-all-1.8.6.jar
7f7d842c4000-7f7d842eb000 r--s 001c3000 08:08 1602815                    /home/chen/.gradle/wrapper/dists/gradle-1.11-all/7qd8qq8te5j4f5q9aaei3gh3lj/gradle-1.11/lib/guava-jdk5-14.0.1.jar
7f7d842eb000-7f7d84309000 r--s 001cb000 08:08 1602820                    /home/chen/.gradle/wrapper/dists/gradle-1.11-all/7qd8qq8te5j4f5q9aaei3gh3lj/gradle-1.11/lib/ant-1.9.2.jar
7f7d84309000-7f7d8430a000 ---p 00000000 00:00 0 
7f7d8430a000-7f7d8440a000 rw-p 00000000 00:00 0                          [stack:7865]
7f7d8440a000-7f7d8440d000 ---p 00000000 00:00 0 
7f7d8440d000-7f7d8450b000 rw-p 00000000 00:00 0                          [stack:7864]
7f7d8450b000-7f7d8450e000 ---p 00000000 00:00 0 
7f7d8450e000-7f7d8460c000 rw-p 00000000 00:00 0                          [stack:7863]
7f7d8460c000-7f7d8460f000 ---p 00000000 00:00 0 
7f7d8460f000-7f7d8470d000 rw-p 00000000 00:00 0                          [stack:7862]
7f7d8470d000-7f7d84710000 ---p 00000000 00:00 0 
7f7d84710000-7f7d8480e000 rw-p 00000000 00:00 0                          [stack:7861]
7f7d8480e000-7f7d84972000 r--p 00000000 08:08 1577010                    /usr/lib/locale/zh_CN.utf8/LC_COLLATE
7f7d84972000-7f7d84afb000 r--p 00000000 08:08 1583526                    /usr/lib/locale/locale-archive
7f7d84afb000-7f7d84afe000 ---p 00000000 00:00 0 
7f7d84afe000-7f7d84bfc000 rw-p 00000000 00:00 0                          [stack:7860]
7f7d84bfc000-7f7d84bff000 ---p 00000000 00:00 0 
7f7d84bff000-7f7d84cfd000 rw-p 00000000 00:00 0                          [stack:7859]
7f7d84cfd000-7f7d84cfe000 ---p 00000000 00:00 0 
7f7d84cfe000-7f7d85000000 rw-p 00000000 00:00 0                          [stack:7858]
7f7d85000000-7f7d85300000 rwxp 00000000 00:00 0 
7f7d85300000-7f7d8867d000 rw-p 00000000 00:00 0 
7f7d8867d000-7f7d8c000000 ---p 00000000 00:00 0 
7f7d8c000000-7f7d8c001000 r--s 00009000 08:08 1602831                    /home/chen/.gradle/wrapper/dists/gradle-1.11-all/7qd8qq8te5j4f5q9aaei3gh3lj/gradle-1.11/lib/bintray-client-java-impl-0.1.0.jar
7f7d8c001000-7f7d8c002000 r--s 00000000 08:08 1602830                    /home/chen/.gradle/wrapper/dists/gradle-1.11-all/7qd8qq8te5j4f5q9aaei3gh3lj/gradle-1.11/lib/javax.inject-1.jar
7f7d8c002000-7f7d8c003000 r--s 00001000 08:08 1602828                    /home/chen/.gradle/wrapper/dists/gradle-1.11-all/7qd8qq8te5j4f5q9aaei3gh3lj/gradle-1.11/lib/jul-to-slf4j-1.7.5.jar
7f7d8c003000-7f7d8c008000 r--s 00041000 08:08 1602823                    /home/chen/.gradle/wrapper/dists/gradle-1.11-all/7qd8qq8te5j4f5q9aaei3gh3lj/gradle-1.11/lib/commons-lang-2.6.jar
7f7d8c008000-7f7d8c00b000 r--s 00018000 08:08 1602822                    /home/chen/.gradle/wrapper/dists/gradle-1.11-all/7qd8qq8te5j4f5q9aaei3gh3lj/gradle-1.11/lib/commons-io-1.4.jar
7f7d8c00b000-7f7d8c010000 r--s 00035000 08:08 1602819                    /home/chen/.gradle/wrapper/dists/gradle-1.11-all/7qd8qq8te5j4f5q9aaei3gh3lj/gradle-1.11/lib/asm-all-5.0_BETA.jar
7f7d8c010000-7f7d8c014000 r--s 000f7000 08:08 928891                     /usr/lib/jvm/jdk1.7.0_60/jre/lib/ext/localedata.jar
7f7d8c014000-7f7d8c019000 r--s 00023000 08:08 1602808                    /home/chen/.gradle/wrapper/dists/gradle-1.11-all/7qd8qq8te5j4f5q9aaei3gh3lj/gradle-1.11/lib/gradle-base-services-1.11.jar
7f7d8c019000-7f7d8c048000 r--s 0018e000 08:08 1602809                    /home/chen/.gradle/wrapper/dists/gradle-1.11-all/7qd8qq8te5j4f5q9aaei3gh3lj/gradle-1.11/lib/gradle-core-1.11.jar
7f7d8c048000-7f7d8c04f000 r--s 00036000 08:08 1602806                    /home/chen/.gradle/wrapper/dists/gradle-1.11-all/7qd8qq8te5j4f5q9aaei3gh3lj/gradle-1.11/lib/gradle-launcher-1.11.jar
7f7d8c04f000-7f7d8c08e000 r--p 00000000 08:08 1577011                    /usr/lib/locale/zh_CN.utf8/LC_CTYPE
7f7d8c08e000-7f7d8ce8b000 rw-p 00000000 00:00 0 
7f7d8ce8b000-7f7d8d04a000 r--s 039e2000 08:08 701241                     /usr/lib/jvm/jdk1.7.0_60/jre/lib/rt.jar
7f7d8d04a000-7f7d8d3c3000 rw-p 00000000 00:00 0 
7f7d8d3c3000-7f7d8d3c4000 ---p 00000000 00:00 0 
7f7d8d3c4000-7f7d8d4c4000 rw-p 00000000 00:00 0                          [stack:7857]
7f7d8d4c4000-7f7d8d4c5000 ---p 00000000 00:00 0 
7f7d8d4c5000-7f7d8d5c5000 rw-p 00000000 00:00 0                          [stack:7856]
7f7d8d5c5000-7f7d8d5c6000 ---p 00000000 00:00 0 
7f7d8d5c6000-7f7d8d6c6000 rw-p 00000000 00:00 0                          [stack:7855]
7f7d8d6c6000-7f7d8d6c7000 ---p 00000000 00:00 0 
7f7d8d6c7000-7f7d8d7d8000 rw-p 00000000 00:00 0                          [stack:7854]
7f7d8d7d8000-7f7d8d847000 rw-p 00000000 00:00 0 
7f7d8d847000-7f7d8d859000 rw-p 00000000 00:00 0 
7f7d8d859000-7f7d8d99d000 rw-p 00000000 00:00 0 
7f7d8d99d000-7f7d8d9ae000 rw-p 00000000 00:00 0 
7f7d8d9ae000-7f7d8da1d000 rw-p 00000000 00:00 0 
7f7d8da1d000-7f7d8da2f000 rw-p 00000000 00:00 0 
7f7d8da2f000-7f7d8db72000 rw-p 00000000 00:00 0 
7f7d8db72000-7f7d8dbf5000 rw-p 00000000 00:00 0 
7f7d8dbf5000-7f7d8dc1d000 rw-p 00000000 00:00 0 
7f7d8dc1d000-7f7d8dc1e000 rw-p 00000000 00:00 0 
7f7d8dc1e000-7f7d8dc38000 r-xp 00000000 08:08 1330294                    /usr/lib/jvm/jdk1.7.0_60/jre/lib/amd64/libzip.so
7f7d8dc38000-7f7d8de38000 ---p 0001a000 08:08 1330294                    /usr/lib/jvm/jdk1.7.0_60/jre/lib/amd64/libzip.so
7f7d8de38000-7f7d8de39000 rw-p 0001a000 08:08 1330294                    /usr/lib/jvm/jdk1.7.0_60/jre/lib/amd64/libzip.so
7f7d8de39000-7f7d8de45000 r-xp 00000000 08:08 135125                     /lib/x86_64-linux-gnu/libnss_files-2.17.so
7f7d8de45000-7f7d8e044000 ---p 0000c000 08:08 135125                     /lib/x86_64-linux-gnu/libnss_files-2.17.so
7f7d8e044000-7f7d8e045000 r--p 0000b000 08:08 135125                     /lib/x86_64-linux-gnu/libnss_files-2.17.so
7f7d8e045000-7f7d8e046000 rw-p 0000c000 08:08 135125                     /lib/x86_64-linux-gnu/libnss_files-2.17.so
7f7d8e046000-7f7d8e051000 r-xp 00000000 08:08 135135                     /lib/x86_64-linux-gnu/libnss_nis-2.17.so
7f7d8e051000-7f7d8e250000 ---p 0000b000 08:08 135135                     /lib/x86_64-linux-gnu/libnss_nis-2.17.so
7f7d8e250000-7f7d8e251000 r--p 0000a000 08:08 135135                     /lib/x86_64-linux-gnu/libnss_nis-2.17.so
7f7d8e251000-7f7d8e252000 rw-p 0000b000 08:08 135135                     /lib/x86_64-linux-gnu/libnss_nis-2.17.so
7f7d8e252000-7f7d8e269000 r-xp 00000000 08:08 135119                     /lib/x86_64-linux-gnu/libnsl-2.17.so
7f7d8e269000-7f7d8e468000 ---p 00017000 08:08 135119                     /lib/x86_64-linux-gnu/libnsl-2.17.so
7f7d8e468000-7f7d8e469000 r--p 00016000 08:08 135119                     /lib/x86_64-linux-gnu/libnsl-2.17.so
7f7d8e469000-7f7d8e46a000 rw-p 00017000 08:08 135119                     /lib/x86_64-linux-gnu/libnsl-2.17.so
7f7d8e46a000-7f7d8e46c000 rw-p 00000000 00:00 0 
7f7d8e46c000-7f7d8e474000 r-xp 00000000 08:08 135121                     /lib/x86_64-linux-gnu/libnss_compat-2.17.so
7f7d8e474000-7f7d8e673000 ---p 00008000 08:08 135121                     /lib/x86_64-linux-gnu/libnss_compat-2.17.so
7f7d8e673000-7f7d8e674000 r--p 00007000 08:08 135121                     /lib/x86_64-linux-gnu/libnss_compat-2.17.so
7f7d8e674000-7f7d8e675000 rw-p 00008000 08:08 135121                     /lib/x86_64-linux-gnu/libnss_compat-2.17.so
7f7d8e675000-7f7d8e69e000 r-xp 00000000 08:08 1330279                    /usr/lib/jvm/jdk1.7.0_60/jre/lib/amd64/libjava.so
7f7d8e69e000-7f7d8e89e000 ---p 00029000 08:08 1330279                    /usr/lib/jvm/jdk1.7.0_60/jre/lib/amd64/libjava.so
7f7d8e89e000-7f7d8e8a0000 rw-p 00029000 08:08 1330279                    /usr/lib/jvm/jdk1.7.0_60/jre/lib/amd64/libjava.so
7f7d8e8a0000-7f7d8e8ad000 r-xp 00000000 08:08 1330243                    /usr/lib/jvm/jdk1.7.0_60/jre/lib/amd64/libverify.so
7f7d8e8ad000-7f7d8eaac000 ---p 0000d000 08:08 1330243                    /usr/lib/jvm/jdk1.7.0_60/jre/lib/amd64/libverify.so
7f7d8eaac000-7f7d8eaae000 rw-p 0000c000 08:08 1330243                    /usr/lib/jvm/jdk1.7.0_60/jre/lib/amd64/libverify.so
7f7d8eaae000-7f7d8eab5000 r-xp 00000000 08:08 135178                     /lib/x86_64-linux-gnu/librt-2.17.so
7f7d8eab5000-7f7d8ecb4000 ---p 00007000 08:08 135178                     /lib/x86_64-linux-gnu/librt-2.17.so
7f7d8ecb4000-7f7d8ecb5000 r--p 00006000 08:08 135178                     /lib/x86_64-linux-gnu/librt-2.17.so
7f7d8ecb5000-7f7d8ecb6000 rw-p 00007000 08:08 135178                     /lib/x86_64-linux-gnu/librt-2.17.so
7f7d8ecb6000-7f7d8edb9000 r-xp 00000000 08:08 135100                     /lib/x86_64-linux-gnu/libm-2.17.so
7f7d8edb9000-7f7d8efb9000 ---p 00103000 08:08 135100                     /lib/x86_64-linux-gnu/libm-2.17.so
7f7d8efb9000-7f7d8efba000 r--p 00103000 08:08 135100                     /lib/x86_64-linux-gnu/libm-2.17.so
7f7d8efba000-7f7d8efbb000 rw-p 00104000 08:08 135100                     /lib/x86_64-linux-gnu/libm-2.17.so
7f7d8efbb000-7f7d8fb2b000 r-xp 00000000 08:08 1330257                    /usr/lib/jvm/jdk1.7.0_60/jre/lib/amd64/server/libjvm.so
7f7d8fb2b000-7f7d8fd2a000 ---p 00b70000 08:08 1330257                    /usr/lib/jvm/jdk1.7.0_60/jre/lib/amd64/server/libjvm.so
7f7d8fd2a000-7f7d8fdee000 rw-p 00b6f000 08:08 1330257                    /usr/lib/jvm/jdk1.7.0_60/jre/lib/amd64/server/libjvm.so
7f7d8fdee000-7f7d8fe2f000 rw-p 00000000 00:00 0 
7f7d8fe2f000-7f7d8ffee000 r-xp 00000000 08:08 135054                     /lib/x86_64-linux-gnu/libc-2.17.so
7f7d8ffee000-7f7d901ed000 ---p 001bf000 08:08 135054                     /lib/x86_64-linux-gnu/libc-2.17.so
7f7d901ed000-7f7d901f1000 r--p 001be000 08:08 135054                     /lib/x86_64-linux-gnu/libc-2.17.so
7f7d901f1000-7f7d901f3000 rw-p 001c2000 08:08 135054                     /lib/x86_64-linux-gnu/libc-2.17.so
7f7d901f3000-7f7d901f8000 rw-p 00000000 00:00 0 
7f7d901f8000-7f7d901fb000 r-xp 00000000 08:08 135068                     /lib/x86_64-linux-gnu/libdl-2.17.so
7f7d901fb000-7f7d903fa000 ---p 00003000 08:08 135068                     /lib/x86_64-linux-gnu/libdl-2.17.so
7f7d903fa000-7f7d903fb000 r--p 00002000 08:08 135068                     /lib/x86_64-linux-gnu/libdl-2.17.so
7f7d903fb000-7f7d903fc000 rw-p 00003000 08:08 135068                     /lib/x86_64-linux-gnu/libdl-2.17.so
7f7d903fc000-7f7d90412000 r-xp 00000000 08:08 701070                     /usr/lib/jvm/jdk1.7.0_60/lib/amd64/jli/libjli.so
7f7d90412000-7f7d90612000 ---p 00016000 08:08 701070                     /usr/lib/jvm/jdk1.7.0_60/lib/amd64/jli/libjli.so
7f7d90612000-7f7d90613000 rw-p 00016000 08:08 701070                     /usr/lib/jvm/jdk1.7.0_60/lib/amd64/jli/libjli.so
7f7d90613000-7f7d9062b000 r-xp 00000000 08:08 135170                     /lib/x86_64-linux-gnu/libpthread-2.17.so
7f7d9062b000-7f7d9082a000 ---p 00018000 08:08 135170                     /lib/x86_64-linux-gnu/libpthread-2.17.so
7f7d9082a000-7f7d9082b000 r--p 00017000 08:08 135170                     /lib/x86_64-linux-gnu/libpthread-2.17.so
7f7d9082b000-7f7d9082c000 rw-p 00018000 08:08 135170                     /lib/x86_64-linux-gnu/libpthread-2.17.so
7f7d9082c000-7f7d90830000 rw-p 00000000 00:00 0 
7f7d90830000-7f7d90853000 r-xp 00000000 08:08 135032                     /lib/x86_64-linux-gnu/ld-2.17.so
7f7d90853000-7f7d90854000 r--s 00000000 08:08 1602827                    /home/chen/.gradle/wrapper/dists/gradle-1.11-all/7qd8qq8te5j4f5q9aaei3gh3lj/gradle-1.11/lib/jcip-annotations-1.0.jar
7f7d90854000-7f7d90856000 r--s 00005000 08:08 1602814                    /home/chen/.gradle/wrapper/dists/gradle-1.11-all/7qd8qq8te5j4f5q9aaei3gh3lj/gradle-1.11/lib/slf4j-api-1.7.5.jar
7f7d90856000-7f7d9087b000 rw-p 00000000 00:00 0 
7f7d9087b000-7f7d9092f000 rw-p 00000000 00:00 0 
7f7d9092f000-7f7d90932000 ---p 00000000 00:00 0 
7f7d90932000-7f7d90a34000 rw-p 00000000 00:00 0                          [stack:7853]
7f7d90a34000-7f7d90a35000 r--s 00004000 08:08 1602844                    /home/chen/.gradle/wrapper/dists/gradle-1.11-all/7qd8qq8te5j4f5q9aaei3gh3lj/gradle-1.11/lib/ant-launcher-1.9.2.jar
7f7d90a35000-7f7d90a36000 r--p 00000000 08:08 1577016                    /usr/lib/locale/zh_CN.utf8/LC_NUMERIC
7f7d90a36000-7f7d90a37000 r--p 00000000 08:08 1577019                    /usr/lib/locale/zh_CN.utf8/LC_TIME
7f7d90a37000-7f7d90a38000 r--p 00000000 08:08 1577014                    /usr/lib/locale/zh_CN.utf8/LC_MONETARY
7f7d90a38000-7f7d90a39000 r--p 00000000 08:08 1577020                    /usr/lib/locale/zh_CN.utf8/LC_MESSAGES/SYS_LC_MESSAGES
7f7d90a39000-7f7d90a3a000 r--p 00000000 08:08 1577017                    /usr/lib/locale/zh_CN.utf8/LC_PAPER
7f7d90a3a000-7f7d90a3b000 r--p 00000000 08:08 1577015                    /usr/lib/locale/zh_CN.utf8/LC_NAME
7f7d90a3b000-7f7d90a3c000 r--p 00000000 08:08 1577009                    /usr/lib/locale/zh_CN.utf8/LC_ADDRESS
7f7d90a3c000-7f7d90a3d000 r--p 00000000 08:08 1577018                    /usr/lib/locale/zh_CN.utf8/LC_TELEPHONE
7f7d90a3d000-7f7d90a3e000 r--p 00000000 08:08 1577013                    /usr/lib/locale/zh_CN.utf8/LC_MEASUREMENT
7f7d90a3e000-7f7d90a45000 r--s 00000000 08:08 1708312                    /usr/lib/x86_64-linux-gnu/gconv/gconv-modules.cache
7f7d90a45000-7f7d90a46000 r--p 00000000 08:08 1577012                    /usr/lib/locale/zh_CN.utf8/LC_IDENTIFICATION
7f7d90a46000-7f7d90a4e000 rw-s 00000000 08:08 928737                     /tmp/hsperfdata_chen/7851
7f7d90a4e000-7f7d90a4f000 rw-p 00000000 00:00 0 
7f7d90a4f000-7f7d90a50000 ---p 00000000 00:00 0 
7f7d90a50000-7f7d90a52000 rw-p 00000000 00:00 0 
7f7d90a52000-7f7d90a53000 r--p 00022000 08:08 135032                     /lib/x86_64-linux-gnu/ld-2.17.so
7f7d90a53000-7f7d90a55000 rw-p 00023000 08:08 135032                     /lib/x86_64-linux-gnu/ld-2.17.so
7fffea784000-7fffea7a5000 rw-p 00000000 00:00 0                          [stack]
7fffea7fe000-7fffea800000 r-xp 00000000 00:00 0                          [vdso]
ffffffffff600000-ffffffffff601000 r-xp 00000000 00:00 0                  [vsyscall]

VM Arguments:
jvm_args: -XX:MaxPermSize=256m -XX:+HeapDumpOnOutOfMemoryError -Xmx1024m -Dfile.encoding=UTF-8 
java_command: org.gradle.launcher.daemon.bootstrap.GradleDaemon 1.11 /home/chen/.gradle/daemon 60000 155e1844-942d-4004-bd75-fc2565486ce6 -XX:MaxPermSize=256m -XX:+HeapDumpOnOutOfMemoryError -Xmx1024m -Dfile.encoding=UTF-8
Launcher Type: SUN_STANDARD

Environment Variables:
JAVA_HOME=/usr/lib/jvm/jdk1.7.0_60
JRE_HOME=/usr/lib/jvm/jdk1.7.0_60/jre
CLASSPATH=./../lib/bootstrap.jar:./../lib/extensions.jar:./../lib/util.jar:./../lib/jdom.jar:./../lib/log4j.jar:./../lib/trove4j.jar:./../lib/jna.jar:/usr/lib/jvm/jdk1.7.0_60/lib/tools.jar
PATH=/home/chen//android-studio/sdk/platform-tools:/home/chen//android-studio/sdk/tools:/usr/lib/jvm/jdk1.7.0_60/bin:/usr/lib/lightdm/lightdm:/usr/local/sbin:/usr/local/bin:/usr/sbin:/usr/bin:/sbin:/bin:/usr/games:/usr/local/games:/home/chen/.rvm/bin:/home/chen/.rvm/bin
LD_LIBRARY_PATH=.:
SHELL=/bin/bash
DISPLAY=:0.0

Signal Handlers:
SIGSEGV: [libjvm.so+0x99f0f0], sa_mask[0]=0x7ffbfeff, sa_flags=0x10000004
SIGBUS: [libjvm.so+0x99f0f0], sa_mask[0]=0x7ffbfeff, sa_flags=0x10000004
SIGFPE: [libjvm.so+0x81a6d0], sa_mask[0]=0x7ffbfeff, sa_flags=0x10000004
SIGPIPE: [libjvm.so+0x81a6d0], sa_mask[0]=0x7ffbfeff, sa_flags=0x10000004
SIGXFSZ: [libjvm.so+0x81a6d0], sa_mask[0]=0x7ffbfeff, sa_flags=0x10000004
SIGILL: [libjvm.so+0x81a6d0], sa_mask[0]=0x7ffbfeff, sa_flags=0x10000004
SIGUSR1: SIG_DFL, sa_mask[0]=0x00000000, sa_flags=0x00000000
SIGUSR2: [libjvm.so+0x81bed0], sa_mask[0]=0x00000004, sa_flags=0x10000004
SIGHUP: [libjvm.so+0x81cfd0], sa_mask[0]=0x7ffbfeff, sa_flags=0x10000004
SIGINT: [libjvm.so+0x81cfd0], sa_mask[0]=0x7ffbfeff, sa_flags=0x10000004
SIGTERM: [libjvm.so+0x81cfd0], sa_mask[0]=0x7ffbfeff, sa_flags=0x10000004
SIGQUIT: [libjvm.so+0x81cfd0], sa_mask[0]=0x7ffbfeff, sa_flags=0x10000004


---------------  S Y S T E M  ---------------

OS:wheezy/sid

uname:Linux 3.8.0-35-generic #50-Ubuntu SMP Tue Dec 3 01:24:59 UTC 2013 x86_64
libc:glibc 2.17 NPTL 2.17 
rlimit: STACK 8192k, CORE 0k, NPROC 27226, NOFILE 4096, AS infinity
load average:2.48 1.86 1.13

/proc/meminfo:
MemTotal:        3511892 kB
MemFree:          548644 kB
Buffers:           97768 kB
Cached:           900888 kB
SwapCached:            0 kB
Active:          2182120 kB
Inactive:         625664 kB
Active(anon):    1809888 kB
Inactive(anon):     9808 kB
Active(file):     372232 kB
Inactive(file):   615856 kB
Unevictable:          32 kB
Mlocked:              32 kB
SwapTotal:       3555324 kB
SwapFree:        3555324 kB
Dirty:               124 kB
Writeback:             0 kB
AnonPages:       1809256 kB
Mapped:           120160 kB
Shmem:             10572 kB
Slab:              77656 kB
SReclaimable:      54932 kB
SUnreclaim:        22724 kB
KernelStack:        3592 kB
PageTables:        20596 kB
NFS_Unstable:          0 kB
Bounce:                0 kB
WritebackTmp:          0 kB
CommitLimit:     5311268 kB
Committed_AS:    3137336 kB
VmallocTotal:   34359738367 kB
VmallocUsed:       86260 kB
VmallocChunk:   34359648788 kB
HardwareCorrupted:     0 kB
AnonHugePages:         0 kB
HugePages_Total:       0
HugePages_Free:        0
HugePages_Rsvd:        0
HugePages_Surp:        0
Hugepagesize:       2048 kB
DirectMap4k:       62464 kB
DirectMap2M:     2541568 kB
DirectMap1G:     1048576 kB


CPU:total 4 (4 cores per cpu, 1 threads per core) family 18 model 1 stepping 0, cmov, cx8, fxsr, mmx, sse, sse2, sse3, popcnt, mmxext, 3dnowpref, lzcnt, sse4a, tsc, tscinvbit, tscinv

/proc/cpuinfo:
processor	: 0
vendor_id	: AuthenticAMD
cpu family	: 18
model		: 1
model name	: AMD A6-3400M APU with Radeon(tm) HD Graphics
stepping	: 0
microcode	: 0x3000027
cpu MHz		: 1400.000
cache size	: 1024 KB
physical id	: 0
siblings	: 4
core id		: 0
cpu cores	: 4
apicid		: 0
initial apicid	: 0
fpu		: yes
fpu_exception	: yes
cpuid level	: 6
wp		: yes
flags		: fpu vme de pse tsc msr pae mce cx8 apic sep mtrr pge mca cmov pat pse36 clflush mmx fxsr sse sse2 ht syscall nx mmxext fxsr_opt pdpe1gb rdtscp lm 3dnowext 3dnow constant_tsc rep_good nopl nonstop_tsc extd_apicid aperfmperf pni monitor cx16 popcnt lahf_lm cmp_legacy svm extapic cr8_legacy abm sse4a misalignsse 3dnowprefetch osvw ibs skinit wdt arat cpb hw_pstate npt lbrv svm_lock nrip_save pausefilter
bogomips	: 2794.84
TLB size	: 1536 4K pages
clflush size	: 64
cache_alignment	: 64
address sizes	: 40 bits physical, 48 bits virtual
power management: ts ttp tm stc 100mhzsteps hwpstate cpb

processor	: 1
vendor_id	: AuthenticAMD
cpu family	: 18
model		: 1
model name	: AMD A6-3400M APU with Radeon(tm) HD Graphics
stepping	: 0
microcode	: 0x3000027
cpu MHz		: 1400.000
cache size	: 1024 KB
physical id	: 0
siblings	: 4
core id		: 1
cpu cores	: 4
apicid		: 1
initial apicid	: 1
fpu		: yes
fpu_exception	: yes
cpuid level	: 6
wp		: yes
flags		: fpu vme de pse tsc msr pae mce cx8 apic sep mtrr pge mca cmov pat pse36 clflush mmx fxsr sse sse2 ht syscall nx mmxext fxsr_opt pdpe1gb rdtscp lm 3dnowext 3dnow constant_tsc rep_good nopl nonstop_tsc extd_apicid aperfmperf pni monitor cx16 popcnt lahf_lm cmp_legacy svm extapic cr8_legacy abm sse4a misalignsse 3dnowprefetch osvw ibs skinit wdt arat cpb hw_pstate npt lbrv svm_lock nrip_save pausefilter
bogomips	: 2794.84
TLB size	: 1536 4K pages
clflush size	: 64
cache_alignment	: 64
address sizes	: 40 bits physical, 48 bits virtual
power management: ts ttp tm stc 100mhzsteps hwpstate cpb

processor	: 2
vendor_id	: AuthenticAMD
cpu family	: 18
model		: 1
model name	: AMD A6-3400M APU with Radeon(tm) HD Graphics
stepping	: 0
microcode	: 0x3000027
cpu MHz		: 1400.000
cache size	: 1024 KB
physical id	: 0
siblings	: 4
core id		: 2
cpu cores	: 4
apicid		: 2
initial apicid	: 2
fpu		: yes
fpu_exception	: yes
cpuid level	: 6
wp		: yes
flags		: fpu vme de pse tsc msr pae mce cx8 apic sep mtrr pge mca cmov pat pse36 clflush mmx fxsr sse sse2 ht syscall nx mmxext fxsr_opt pdpe1gb rdtscp lm 3dnowext 3dnow constant_tsc rep_good nopl nonstop_tsc extd_apicid aperfmperf pni monitor cx16 popcnt lahf_lm cmp_legacy svm extapic cr8_legacy abm sse4a misalignsse 3dnowprefetch osvw ibs skinit wdt arat cpb hw_pstate npt lbrv svm_lock nrip_save pausefilter
bogomips	: 2794.84
TLB size	: 1536 4K pages
clflush size	: 64
cache_alignment	: 64
address sizes	: 40 bits physical, 48 bits virtual
power management: ts ttp tm stc 100mhzsteps hwpstate cpb

processor	: 3
vendor_id	: AuthenticAMD
cpu family	: 18
model		: 1
model name	: AMD A6-3400M APU with Radeon(tm) HD Graphics
stepping	: 0
microcode	: 0x3000027
cpu MHz		: 1400.000
cache size	: 1024 KB
physical id	: 0
siblings	: 4
core id		: 3
cpu cores	: 4
apicid		: 3
initial apicid	: 3
fpu		: yes
fpu_exception	: yes
cpuid level	: 6
wp		: yes
flags		: fpu vme de pse tsc msr pae mce cx8 apic sep mtrr pge mca cmov pat pse36 clflush mmx fxsr sse sse2 ht syscall nx mmxext fxsr_opt pdpe1gb rdtscp lm 3dnowext 3dnow constant_tsc rep_good nopl nonstop_tsc extd_apicid aperfmperf pni monitor cx16 popcnt lahf_lm cmp_legacy svm extapic cr8_legacy abm sse4a misalignsse 3dnowprefetch osvw ibs skinit wdt arat cpb hw_pstate npt lbrv svm_lock nrip_save pausefilter
bogomips	: 2794.84
TLB size	: 1536 4K pages
clflush size	: 64
cache_alignment	: 64
address sizes	: 40 bits physical, 48 bits virtual
power management: ts ttp tm stc 100mhzsteps hwpstate cpb



Memory: 4k page, physical 3511892k(548396k free), swap 3555324k(3555324k free)

vm_info: Java HotSpot(TM) 64-Bit Server VM (24.60-b09) for linux-amd64 JRE (1.7.0_60-b19), built on May  7 2014 13:18:30 by "java_re" with gcc 4.3.0 20080428 (Red Hat 4.3.0-8)

time: Tue Jun 17 17:14:56 2014
elapsed time: 24 seconds

